2021-06-09 13:40:15|36.22|983.4369|251|
2021-06-09 13:40:25|36.24|983.4213|251|
2021-06-09 13:40:35|36.27|983.4081|251|
2021-06-09 13:40:45|36.29|983.4045|251|
2021-06-09 13:40:55|36.33|983.4118|251|
2021-06-09 13:41:05|36.35|983.3823|251|
2021-06-09 13:41:15|36.39|983.3859|251|
2021-06-09 13:41:25|36.42|983.3925|251|
2021-06-09 13:41:35|36.45|983.4071|251|
2021-06-09 13:41:45|36.48|983.4064|251|
2021-06-09 13:41:55|36.51|983.4158|251|
2021-06-09 13:42:05|36.52|983.3724|251|
2021-06-09 13:42:15|36.56|983.3759|251|
2021-06-09 13:42:25|36.58|983.3569|251|
2021-06-09 13:42:35|36.61|983.3644|251|
2021-06-09 13:42:45|36.64|982.1971|261|
2021-06-09 13:42:55|36.67|974.9619|323|
2021-06-09 13:43:06|36.69|966.7195|394|
2021-06-09 13:43:16|36.71|959.3411|458|
2021-06-09 13:43:26|36.74|952.6314|517|
2021-06-09 13:43:36|36.75|946.1994|573|
2021-06-09 13:43:46|36.77|939.8185|630|
2021-06-09 13:43:56|36.78|934.023|681|
2021-06-09 13:44:06|36.8|928.4821|730|
2021-06-09 13:44:16|36.81|922.6412|783|
2021-06-09 13:44:26|36.82|916.7419|836|
2021-06-09 13:44:36|36.82|910.9008|889|
2021-06-09 13:44:46|36.82|905.2679|940|
2021-06-09 13:44:56|36.81|898.3386|1003|
2021-06-09 13:45:06|36.8|891.3265|1068|
2021-06-09 13:45:16|36.77|885.5022|1122|
2021-06-09 13:45:26|36.79|879.2365|1180|
2021-06-09 13:45:36|36.77|873.1363|1237|
2021-06-09 13:45:46|36.75|867.1|1294|
2021-06-09 13:45:56|36.72|861.3059|1349|
2021-06-09 13:46:06|36.69|854.9383|1410|
2021-06-09 13:46:16|36.65|848.7198|1469|
2021-06-09 13:46:26|36.63|841.9927|1534|
2021-06-09 13:46:36|36.59|835.896|1593|
2021-06-09 13:46:46|36.55|830.5421|1646|
2021-06-09 13:46:56|36.51|825.2135|1698|
2021-06-09 13:47:06|36.47|819.3566|1756|
2021-06-09 13:47:16|36.42|814.3982|1805|
2021-06-09 13:47:26|36.37|808.7821|1861|
2021-06-09 13:47:36|36.31|802.9901|1919|
2021-06-09 13:47:46|36.24|797.1333|1978|
2021-06-09 13:47:56|36.18|792.1813|2028|
2021-06-09 13:48:06|36.13|786.1875|2089|
2021-06-09 13:48:16|36.06|780.8859|2143|
2021-06-09 13:48:26|36.0|774.6109|2208|
2021-06-09 13:48:36|35.93|768.9367|2267|
2021-06-09 13:48:46|35.85|763.6527|2322|
2021-06-09 13:48:56|35.77|758.6439|2375|
2021-06-09 13:49:06|35.7|753.6475|2427|
2021-06-09 13:49:16|35.63|748.742|2479|
2021-06-09 13:49:26|35.55|743.4564|2536|
2021-06-09 13:49:36|35.47|738.5927|2588|
2021-06-09 13:49:46|35.39|733.7477|2640|
2021-06-09 13:49:56|35.3|728.7538|2694|
2021-06-09 13:50:06|35.22|723.4315|2752|
2021-06-09 13:50:16|35.13|718.302|2809|
2021-06-09 13:50:26|35.04|713.0447|2867|
2021-06-09 13:50:36|34.94|707.7261|2926|
2021-06-09 13:50:46|34.85|702.4104|2985|
2021-06-09 13:50:56|34.74|697.0485|3045|
2021-06-09 13:51:07|34.65|691.9111|3103|
2021-06-09 13:51:17|34.54|686.6388|3163|
2021-06-09 13:51:27|34.45|682.1341|3219|
2021-06-09 13:51:37|34.34|675.9146|3286|
2021-06-09 13:51:47|34.23|671.034|3343|
2021-06-09 13:51:57|34.12|666.5889|3395|
2021-06-09 13:52:07|34.01|661.6255|3453|
2021-06-09 13:52:17|33.89|656.147|3518|
2021-06-09 13:52:27|33.78|650.6944|3582|
2021-06-09 13:52:37|33.67|646.1669|3637|
2021-06-09 13:52:47|33.56|641.4845|3693|
2021-06-09 13:52:57|33.43|636.8351|3749|
2021-06-09 13:53:07|33.31|632.3477|3804|
2021-06-09 13:53:17|33.18|627.6616|3861|
2021-06-09 13:53:27|33.05|622.6868|3922|
2021-06-09 13:53:37|32.93|617.5483|3986|
2021-06-09 13:53:47|32.8|612.5185|4049|
2021-06-09 13:53:57|32.66|607.6326|4110|
2021-06-09 13:54:07|32.51|602.5445|4174|
2021-06-09 13:54:17|32.39|597.6268|4237|
2021-06-09 13:54:27|32.25|593.5196|4289|
2021-06-09 13:54:37|32.1|589.6828|4339|
2021-06-09 13:54:47|31.96|585.5184|4393|
2021-06-09 13:54:57|31.81|581.3187|4447|
2021-06-09 13:55:07|31.67|576.1011|4516|
2021-06-09 13:55:17|31.52|572.2692|4566|
2021-06-09 13:55:27|31.36|568.682|4614|
2021-06-09 13:55:37|31.23|564.945|4666|
2021-06-09 13:55:47|31.08|561.5734|4709|
2021-06-09 13:55:57|30.93|557.5382|4763|
2021-06-09 13:56:07|30.78|554.0308|4811|
2021-06-09 13:56:17|30.62|550.521|4858|
2021-06-09 13:56:27|30.45|546.6619|4911|
2021-06-09 13:56:37|30.33|542.9026|4963|
2021-06-09 13:56:47|30.18|539.3046|5013|
2021-06-09 13:56:57|30.02|535.1177|5071|
2021-06-09 13:57:07|29.87|531.0565|5128|
2021-06-09 13:57:17|29.71|526.6867|5189|
2021-06-09 13:57:27|29.55|521.9469|5257|
2021-06-09 13:57:37|29.4|517.9626|5314|
2021-06-09 13:57:47|29.24|513.6238|5376|
2021-06-09 13:57:57|29.09|509.4151|5437|
2021-06-09 13:58:07|28.92|504.6554|5506|
2021-06-09 13:58:17|28.76|500.3899|5569|
2021-06-09 13:58:27|28.59|496.9759|5619|
2021-06-09 13:58:37|28.43|493.1306|5677|
2021-06-09 13:58:47|28.27|489.5608|5730|
2021-06-09 13:58:57|28.1|485.5631|5790|
2021-06-09 13:59:07|27.94|482.006|5844|
2021-06-09 13:59:18|27.78|478.5918|5896|
2021-06-09 13:59:28|27.62|474.6971|5956|
2021-06-09 13:59:38|27.47|470.9466|6014|
2021-06-09 13:59:48|27.29|466.6007|6081|
2021-06-09 13:59:58|27.12|462.8801|6139|
2021-06-09 14:00:08|26.96|459.6693|6190|
2021-06-09 14:00:18|26.78|456.9034|6234|
2021-06-09 14:00:28|26.63|454.1513|6278|
2021-06-09 14:00:38|26.47|449.7297|6348|
2021-06-09 14:00:48|26.31|446.0756|6407|
2021-06-09 14:00:58|26.14|442.5456|6465|
2021-06-09 14:01:08|25.97|439.0735|6521|
2021-06-09 14:01:18|25.81|436.278|6567|
2021-06-09 14:01:28|25.64|433.3182|6616|
2021-06-09 14:01:38|25.48|429.9199|6673|
2021-06-09 14:01:48|25.32|425.9816|6738|
2021-06-09 14:01:58|25.15|422.2487|6801|
2021-06-09 14:02:08|24.99|419.0312|6856|
2021-06-09 14:02:18|24.83|415.6271|6914|
2021-06-09 14:02:28|24.66|412.1738|6973|
2021-06-09 14:02:38|24.48|408.4598|7038|
2021-06-09 14:02:48|24.32|404.9129|7100|
2021-06-09 14:02:58|24.15|401.6159|7157|
2021-06-09 14:03:08|24.0|398.222|7217|
2021-06-09 14:03:18|23.81|394.2432|7288|
2021-06-09 14:03:28|23.66|390.5306|7355|
2021-06-09 14:03:38|23.47|386.6265|7425|
2021-06-09 14:03:48|23.32|383.3943|7484|
2021-06-09 14:03:58|23.13|379.8398|7550|
2021-06-09 14:04:08|22.96|376.7126|7607|
2021-06-09 14:04:18|22.78|373.5187|7667|
2021-06-09 14:04:28|22.62|370.3344|7727|
2021-06-09 14:04:38|22.44|367.9998|7771|
2021-06-09 14:04:48|22.29|365.8312|7812|
2021-06-09 14:04:58|22.12|363.178|7862|
2021-06-09 14:05:08|21.95|361.3604|7897|
2021-06-09 14:05:18|21.77|359.3051|7937|
2021-06-09 14:05:28|21.61|357.409|7973|
2021-06-09 14:05:38|21.42|354.452|8031|
2021-06-09 14:05:48|21.27|351.8751|8081|
2021-06-09 14:05:58|21.1|349.7375|8123|
2021-06-09 14:06:08|20.93|347.0139|8177|
2021-06-09 14:06:18|20.76|343.6427|8244|
2021-06-09 14:06:28|20.59|341.4966|8287|
2021-06-09 14:06:38|20.4|338.8758|8340|
2021-06-09 14:06:48|20.24|336.2757|8392|
2021-06-09 14:06:58|20.07|333.3982|8451|
2021-06-09 14:07:08|19.9|330.5056|8511|
2021-06-09 14:07:18|19.73|328.0343|8562|
2021-06-09 14:07:29|19.55|325.0534|8624|
2021-06-09 14:07:39|19.37|322.6008|8675|
2021-06-09 14:07:49|19.21|320.3882|8722|
2021-06-09 14:07:59|19.03|318.5353|8761|
2021-06-09 14:08:09|18.85|316.6625|8801|
2021-06-09 14:08:19|18.68|314.2528|8853|
2021-06-09 14:08:29|18.5|311.8134|8905|
2021-06-09 14:08:39|18.32|309.7814|8949|
2021-06-09 14:08:49|18.15|307.9479|8989|
2021-06-09 14:08:59|17.96|305.3667|9046|
2021-06-09 14:09:09|17.79|303.228|9093|
2021-06-09 14:09:19|17.6|301.4837|9132|
2021-06-09 14:09:29|17.43|299.6821|9172|
2021-06-09 14:09:39|17.24|297.6391|9217|
2021-06-09 14:09:49|17.07|295.9322|9256|
2021-06-09 14:09:59|16.9|294.327|9292|
2021-06-09 14:10:09|16.72|292.5257|9333|
2021-06-09 14:10:19|16.54|290.63|9376|
2021-06-09 14:10:29|16.36|288.0725|9435|
2021-06-09 14:10:39|16.16|285.8|9488|
2021-06-09 14:10:49|16.0|284.1741|9525|
2021-06-09 14:10:59|15.82|282.3573|9568|
2021-06-09 14:11:09|15.65|280.6204|9609|
2021-06-09 14:11:19|15.47|279.0046|9647|
2021-06-09 14:11:29|15.28|277.0072|9694|
2021-06-09 14:11:39|15.1|274.5383|9753|
2021-06-09 14:11:49|14.93|271.8732|9817|
2021-06-09 14:11:59|14.76|269.4897|9875|
2021-06-09 14:12:09|14.58|266.2615|9954|
2021-06-09 14:12:19|14.39|262.8285|10039|
2021-06-09 14:12:29|14.22|261.3274|10076|
2021-06-09 14:12:39|14.02|259.9085|10112|
2021-06-09 14:12:49|13.84|258.4401|10148|
2021-06-09 14:12:59|13.68|257.056|10183|
2021-06-09 14:13:09|13.51|255.6675|10219|
2021-06-09 14:13:19|13.32|254.211|10256|
2021-06-09 14:13:29|13.15|252.7242|10294|
2021-06-09 14:13:39|12.95|251.3344|10329|
2021-06-09 14:13:49|12.77|249.7733|10370|
2021-06-09 14:13:59|12.6|248.4586|10404|
2021-06-09 14:14:09|12.43|247.0467|10440|
2021-06-09 14:14:19|12.24|245.2962|10486|
2021-06-09 14:14:29|12.07|243.2043|10541|
2021-06-09 14:14:39|11.89|241.3096|10592|
2021-06-09 14:14:49|11.69|239.7318|10634|
2021-06-09 14:14:59|11.52|238.3863|10670|
2021-06-09 14:15:09|11.35|236.9962|10707|
2021-06-09 14:15:19|11.18|235.6648|10743|
2021-06-09 14:15:30|10.99|234.3046|10780|
2021-06-09 14:15:40|10.82|232.8849|10819|
2021-06-09 14:15:50|10.65|231.5536|10856|
2021-06-09 14:16:00|10.47|229.9019|10901|
2021-06-09 14:16:10|10.29|228.2444|10947|
2021-06-09 14:16:20|10.12|226.506|10996|
2021-06-09 14:16:30|9.94|224.8795|11041|
2021-06-09 14:16:40|9.77|222.8285|11099|
2021-06-09 14:16:50|9.59|220.2564|11173|
2021-06-09 14:17:00|9.43|218.6662|11218|
2021-06-09 14:17:10|9.26|217.3376|11257|
2021-06-09 14:17:20|9.09|216.1086|11292|
2021-06-09 14:17:30|8.92|214.9069|11327|
2021-06-09 14:17:40|8.75|213.7756|11361|
2021-06-09 14:17:50|8.58|212.4798|11399|
2021-06-09 14:18:00|8.41|211.1505|11438|
2021-06-09 14:18:10|8.25|209.7748|11479|
2021-06-09 14:18:20|8.08|208.2907|11523|
2021-06-09 14:18:30|7.91|206.6802|11572|
2021-06-09 14:18:40|7.74|205.534|11606|
2021-06-09 14:18:50|7.57|204.4576|11639|
2021-06-09 14:19:00|7.41|203.4095|11671|
2021-06-09 14:19:10|7.23|202.2765|11706|
2021-06-09 14:19:20|7.08|201.1457|11740|
2021-06-09 14:19:30|6.93|199.92|11778|
2021-06-09 14:19:40|6.77|198.7281|11815|
2021-06-09 14:19:50|6.59|197.4992|11854|
2021-06-09 14:20:00|6.45|196.1782|11895|
2021-06-09 14:20:10|6.28|195.0287|11931|
2021-06-09 14:20:20|6.14|193.695|11974|
2021-06-09 14:20:30|5.99|192.42|12014|
2021-06-09 14:20:40|5.84|191.167|12054|
2021-06-09 14:20:50|5.67|189.7751|12099|
2021-06-09 14:21:00|5.54|188.6011|12137|
2021-06-09 14:21:10|5.39|187.242|12182|
2021-06-09 14:21:20|5.25|185.4812|12239|
2021-06-09 14:21:30|5.11|184.1598|12283|
2021-06-09 14:21:40|4.96|182.7365|12330|
2021-06-09 14:21:50|4.82|181.2501|12380|
2021-06-09 14:22:00|4.68|179.8091|12428|
2021-06-09 14:22:10|4.54|178.5731|12470|
2021-06-09 14:22:20|4.42|177.5334|12506|
2021-06-09 14:22:30|4.28|176.4679|12542|
2021-06-09 14:22:40|4.14|175.3561|12580|
2021-06-09 14:22:50|4.01|174.3687|12614|
2021-06-09 14:23:00|3.88|173.3576|12650|
2021-06-09 14:23:10|3.74|172.3301|12685|
2021-06-09 14:23:20|3.62|171.3345|12720|
2021-06-09 14:23:31|3.49|170.3595|12755|
2021-06-09 14:23:41|3.35|169.1642|12797|
2021-06-09 14:23:51|3.23|168.1179|12834|
2021-06-09 14:24:01|3.11|167.1694|12868|
2021-06-09 14:24:11|2.99|166.2036|12903|
2021-06-09 14:24:21|2.87|165.2598|12937|
2021-06-09 14:24:31|2.75|164.2847|12972|
2021-06-09 14:24:41|2.63|163.3605|13006|
2021-06-09 14:24:51|2.5|162.3366|13043|
2021-06-09 14:25:01|2.38|161.4115|13077|
2021-06-09 14:25:11|2.27|160.4857|13111|
2021-06-09 14:25:21|2.17|159.6072|13144|
2021-06-09 14:25:31|2.05|158.699|13178|
2021-06-09 14:25:41|1.94|157.776|13212|
2021-06-09 14:25:51|1.84|156.8486|13247|
2021-06-09 14:26:01|1.73|155.8452|13285|
2021-06-09 14:26:11|1.61|154.8794|13322|
2021-06-09 14:26:21|1.53|153.8905|13360|
2021-06-09 14:26:31|1.42|152.8677|13399|
2021-06-09 14:26:41|1.32|151.6579|13446|
2021-06-09 14:26:51|1.22|150.596|13487|
2021-06-09 14:27:01|1.11|149.7106|13521|
2021-06-09 14:27:11|1.02|148.8252|13556|
2021-06-09 14:27:21|0.94|147.9383|13591|
2021-06-09 14:27:31|0.84|147.0235|13627|
2021-06-09 14:27:41|0.75|146.0558|13666|
2021-06-09 14:27:51|0.66|145.0991|13704|
2021-06-09 14:28:01|0.57|144.2372|13739|
2021-06-09 14:28:11|0.48|143.2571|13779|
2021-06-09 14:28:21|0.37|142.4706|13811|
2021-06-09 14:28:31|0.31|141.5354|13849|
2021-06-09 14:28:41|0.22|140.6421|13886|
2021-06-09 14:28:51|0.13|139.7852|13921|
2021-06-09 14:29:01|0.03|138.9483|13956|
2021-06-09 14:29:11|-0.04|138.167|13988|
2021-06-09 14:29:21|-0.12|137.3663|14022|
2021-06-09 14:29:31|-0.21|136.5243|14057|
2021-06-09 14:29:41|-0.3|135.7531|14090|
2021-06-09 14:29:51|-0.38|134.9928|14122|
2021-06-09 14:30:01|-0.47|134.1737|14157|
2021-06-09 14:30:11|-0.55|133.4484|14188|
2021-06-09 14:30:21|-0.63|132.6614|14222|
2021-06-09 14:30:31|-0.7|131.9178|14254|
2021-06-09 14:30:41|-0.77|131.2274|14284|
2021-06-09 14:30:51|-0.85|130.5063|14316|
2021-06-09 14:31:02|-0.92|129.7408|14349|
2021-06-09 14:31:12|-1.0|129.0029|14382|
2021-06-09 14:31:22|-1.08|128.2257|14416|
2021-06-09 14:31:32|-1.15|127.4936|14449|
2021-06-09 14:31:42|-1.22|126.7549|14482|
2021-06-09 14:31:52|-1.3|125.9458|14518|
2021-06-09 14:32:02|-1.37|125.166|14554|
2021-06-09 14:32:12|-1.44|124.445|14586|
2021-06-09 14:32:22|-1.52|123.6794|14621|
2021-06-09 14:32:32|-1.58|122.9143|14656|
2021-06-09 14:32:42|-1.65|122.1269|14692|
2021-06-09 14:32:52|-1.72|121.3622|14728|
2021-06-09 14:33:02|-1.79|120.5922|14764|
2021-06-09 14:33:12|-1.86|119.7027|14805|
2021-06-09 14:33:22|-1.92|118.8717|14844|
2021-06-09 14:33:32|-1.98|118.0992|14881|
2021-06-09 14:33:42|-2.05|117.32|14918|
2021-06-09 14:33:52|-2.12|116.5615|14954|
2021-06-09 14:34:02|-2.19|115.8888|14987|
2021-06-09 14:34:12|-2.25|115.1153|15024|
2021-06-09 14:34:22|-2.31|114.366|15060|
2021-06-09 14:34:32|-2.37|113.6408|15096|
2021-06-09 14:34:42|-2.44|112.9414|15130|
2021-06-09 14:34:52|-2.51|112.2629|15164|
2021-06-09 14:35:02|-2.57|111.5484|15199|
2021-06-09 14:35:12|-2.63|110.8633|15233|
2021-06-09 14:35:22|-2.7|110.1578|15269|
2021-06-09 14:35:32|-2.76|109.4816|15303|
2021-06-09 14:35:42|-2.83|108.7935|15337|
2021-06-09 14:35:52|-2.9|108.0252|15376|
2021-06-09 14:36:02|-2.95|107.3391|15412|
2021-06-09 14:36:12|-3.01|106.7131|15444|
2021-06-09 14:36:22|-3.08|106.0394|15478|
2021-06-09 14:36:32|-3.14|105.3709|15513|
2021-06-09 14:36:42|-3.2|104.6496|15551|
2021-06-09 14:36:52|-3.26|103.9592|15587|
2021-06-09 14:37:02|-3.32|103.2673|15624|
2021-06-09 14:37:12|-3.38|102.5515|15662|
2021-06-09 14:37:22|-3.45|101.9147|15695|
2021-06-09 14:37:32|-3.51|101.201|15734|
2021-06-09 14:37:42|-3.55|100.5248|15770|
2021-06-09 14:37:52|-3.61|99.878|15805|
2021-06-09 14:38:02|-3.66|99.2125|15842|
2021-06-09 14:38:12|-3.72|98.6002|15875|
2021-06-09 14:38:22|-3.78|97.9094|15913|
2021-06-09 14:38:32|-3.84|97.2221|15951|
2021-06-09 14:38:42|-3.89|96.593|15986|
2021-06-09 14:38:52|-3.95|95.9794|16021|
2021-06-09 14:39:02|-4.01|95.3149|16058|
2021-06-09 14:39:12|-4.06|94.669|16095|
2021-06-09 14:39:22|-4.12|94.0287|16131|
2021-06-09 14:39:33|-4.18|93.4651|16163|
2021-06-09 14:39:43|-4.22|92.8501|16199|
2021-06-09 14:39:53|-4.28|92.1981|16236|
2021-06-09 14:40:03|-4.33|91.6025|16271|
2021-06-09 14:40:13|-4.39|91.0173|16305|
2021-06-09 14:40:23|-4.45|90.3675|16343|
2021-06-09 14:40:33|-4.5|89.7191|16382|
2021-06-09 14:40:43|-4.54|89.1526|16415|
2021-06-09 14:40:53|-4.6|88.6189|16447|
2021-06-09 14:41:03|-4.65|88.063|16481|
2021-06-09 14:41:13|-4.69|87.4953|16515|
2021-06-09 14:41:23|-4.75|86.8834|16552|
2021-06-09 14:41:33|-4.8|86.3705|16583|
2021-06-09 14:41:43|-4.85|85.844|16615|
2021-06-09 14:41:53|-4.9|85.3331|16647|
2021-06-09 14:42:03|-4.95|84.8119|16681|
2021-06-09 14:42:13|-5.01|84.2248|16716|
2021-06-09 14:42:23|-5.06|83.6596|16751|
2021-06-09 14:42:33|-5.12|83.1561|16783|
2021-06-09 14:42:43|-5.17|82.6557|16814|
2021-06-09 14:42:53|-5.22|82.1539|16846|
2021-06-09 14:43:03|-5.27|81.6351|16879|
2021-06-09 14:43:13|-5.32|81.1316|16912|
2021-06-09 14:43:23|-5.38|80.6559|16942|
2021-06-09 14:43:33|-5.44|80.09|16979|
2021-06-09 14:43:43|-5.47|79.557|17014|
2021-06-09 14:43:53|-5.52|79.0266|17048|
2021-06-09 14:44:03|-5.57|78.5457|17080|
2021-06-09 14:44:13|-5.62|78.0243|17115|
2021-06-09 14:44:23|-5.67|77.5674|17145|
2021-06-09 14:44:33|-5.72|77.0647|17179|
2021-06-09 14:44:43|-5.77|76.5347|17214|
2021-06-09 14:44:53|-5.82|75.9845|17251|
2021-06-09 14:45:03|-5.87|75.4449|17288|
2021-06-09 14:45:13|-5.92|74.9068|17325|
2021-06-09 14:45:23|-5.97|74.3808|17361|
2021-06-09 14:45:33|-6.03|73.9369|17392|
2021-06-09 14:45:43|-6.08|73.4295|17427|
2021-06-09 14:45:53|-6.12|72.9852|17458|
2021-06-09 14:46:03|-6.18|72.5312|17490|
2021-06-09 14:46:13|-6.23|72.065|17523|
2021-06-09 14:46:23|-6.28|71.6061|17556|
2021-06-09 14:46:33|-6.34|71.0846|17593|
2021-06-09 14:46:43|-6.41|70.6385|17625|
2021-06-09 14:46:53|-6.42|70.1246|17662|
2021-06-09 14:47:03|-6.47|69.6131|17699|
2021-06-09 14:47:13|-6.52|69.1557|17732|
2021-06-09 14:47:24|-6.57|68.6939|17766|
2021-06-09 14:47:34|-6.62|68.2794|17797|
2021-06-09 14:47:44|-6.66|67.8068|17832|
2021-06-09 14:47:54|-6.71|67.3821|17864|
2021-06-09 14:48:04|-6.76|66.9375|17897|
2021-06-09 14:48:14|-6.81|66.4248|17935|
2021-06-09 14:48:24|-6.86|65.995|17968|
2021-06-09 14:48:34|-6.9|65.5263|18004|
2021-06-09 14:48:44|-6.96|65.1044|18036|
2021-06-09 14:48:54|-7.0|64.6952|18068|
2021-06-09 14:49:04|-7.05|64.2337|18103|
2021-06-09 14:49:14|-7.09|63.84|18134|
2021-06-09 14:49:24|-7.14|63.4451|18165|
2021-06-09 14:49:34|-7.19|63.0007|18200|
2021-06-09 14:49:44|-7.24|62.5889|18233|
2021-06-09 14:49:54|-7.27|62.1435|18268|
2021-06-09 14:50:04|-7.32|61.7485|18300|
2021-06-09 14:50:14|-7.36|61.3673|18330|
2021-06-09 14:50:24|-7.41|61.0029|18360|
2021-06-09 14:50:34|-7.45|60.5673|18395|
2021-06-09 14:50:44|-7.51|60.1763|18427|
2021-06-09 14:50:54|-7.54|59.818|18456|
2021-06-09 14:51:04|-7.59|59.3947|18491|
2021-06-09 14:51:14|-7.63|59.0336|18521|
2021-06-09 14:51:24|-7.67|58.6527|18553|
2021-06-09 14:51:34|-7.72|58.279|18584|
2021-06-09 14:51:44|-7.78|57.9025|18616|
2021-06-09 14:51:54|-7.79|57.5071|18650|
2021-06-09 14:52:04|-7.84|57.1431|18681|
2021-06-09 14:52:14|-7.88|56.7609|18713|
2021-06-09 14:52:24|-7.92|56.4001|18745|
2021-06-09 14:52:34|-7.97|55.9789|18781|
2021-06-09 14:52:44|-8.01|55.5406|18819|
2021-06-09 14:52:54|-8.05|55.1422|18854|
2021-06-09 14:53:04|-8.08|54.7865|18885|
2021-06-09 14:53:14|-8.11|54.4372|18916|
2021-06-09 14:53:24|-8.15|54.0745|18949|
2021-06-09 14:53:34|-8.18|53.7154|18981|
2021-06-09 14:53:44|-8.23|53.3184|19017|
2021-06-09 14:53:54|-8.27|52.9377|19051|
2021-06-09 14:54:04|-8.31|52.5468|19087|
2021-06-09 14:54:14|-8.33|52.2026|19118|
2021-06-09 14:54:24|-8.37|51.8624|19150|
2021-06-09 14:54:34|-8.41|51.5429|19179|
2021-06-09 14:54:44|-8.44|51.2054|19211|
2021-06-09 14:54:54|-8.47|50.8664|19242|
2021-06-09 14:55:04|-8.51|50.5189|19275|
2021-06-09 14:55:15|-8.54|50.1799|19307|
2021-06-09 14:55:25|-8.59|49.8846|19335|
2021-06-09 14:55:35|-8.63|49.6217|19360|
2021-06-09 14:55:45|-8.66|49.2476|19396|
2021-06-09 14:55:55|-8.68|48.9231|19428|
2021-06-09 14:56:05|-8.74|48.5996|19459|
2021-06-09 14:56:15|-8.74|48.3457|19484|
2021-06-09 14:56:25|-8.77|48.0362|19514|
2021-06-09 14:56:35|-8.81|47.7475|19543|
2021-06-09 14:56:45|-8.85|47.4603|19571|
2021-06-09 14:56:55|-8.88|47.1726|19600|
2021-06-09 14:57:05|-8.92|46.8812|19629|
2021-06-09 14:57:15|-8.94|46.5739|19660|
2021-06-09 14:57:25|-8.97|46.2797|19690|
2021-06-09 14:57:35|-9.01|45.9061|19727|
2021-06-09 14:57:45|-9.04|45.592|19760|
2021-06-09 14:57:55|-9.07|45.3376|19786|
2021-06-09 14:58:05|-9.11|45.0603|19814|
2021-06-09 14:58:15|-9.13|44.7428|19847|
2021-06-09 14:58:25|-9.16|44.4605|19877|
2021-06-09 14:58:35|-9.19|44.2035|19904|
2021-06-09 14:58:45|-9.22|43.9244|19933|
2021-06-09 14:58:55|-9.26|43.596|19968|
2021-06-09 14:59:05|-9.29|43.3293|19996|
2021-06-09 14:59:15|-9.31|43.0706|20024|
2021-06-09 14:59:25|-9.33|42.8253|20052|
2021-06-09 14:59:35|-9.35|42.5144|20084|
2021-06-09 14:59:45|-9.38|42.219|20116|
2021-06-09 14:59:55|-9.41|41.9652|20144|
2021-06-09 15:00:05|-9.43|41.7246|20171|
2021-06-09 15:00:15|-9.45|41.4664|20199|
2021-06-09 15:00:25|-9.47|41.1956|20229|
2021-06-09 15:00:35|-9.5|40.9557|20256|
2021-06-09 15:00:45|-9.53|40.6905|20286|
2021-06-09 15:00:55|-9.55|40.4425|20314|
2021-06-09 15:01:05|-9.57|40.2191|20339|
2021-06-09 15:01:15|-9.59|39.9948|20364|
2021-06-09 15:01:25|-9.61|39.7489|20393|
2021-06-09 15:01:35|-9.63|39.4985|20421|
2021-06-09 15:01:45|-9.66|39.2162|20454|
2021-06-09 15:01:55|-9.67|38.9308|20487|
2021-06-09 15:02:05|-9.7|38.7029|20514|
2021-06-09 15:02:15|-9.73|38.4812|20540|
2021-06-09 15:02:25|-9.74|38.2568|20566|
2021-06-09 15:02:35|-9.76|38.0012|20597|
2021-06-09 15:02:45|-9.79|37.7838|20622|
2021-06-09 15:02:55|-9.81|37.5497|20650|
2021-06-09 15:03:06|-9.82|37.3273|20677|
2021-06-09 15:03:16|-9.84|37.0985|20705|
2021-06-09 15:03:26|-9.85|36.8635|20733|
2021-06-09 15:03:36|-9.86|36.6328|20762|
2021-06-09 15:03:46|-9.89|36.4302|20786|
2021-06-09 15:03:56|-9.92|36.2063|20814|
2021-06-09 15:04:06|-9.93|35.9912|20841|
2021-06-09 15:04:16|-9.96|35.7686|20868|
2021-06-09 15:04:26|-9.95|35.4892|20903|
2021-06-09 15:04:36|-9.96|35.2863|20929|
2021-06-09 15:04:46|-9.97|35.0535|20958|
2021-06-09 15:04:56|-9.99|34.838|20986|
2021-06-09 15:05:06|-10.02|34.6201|21014|
2021-06-09 15:05:16|-10.04|34.4052|21041|
2021-06-09 15:05:26|-10.02|34.2088|21067|
2021-06-09 15:05:36|-10.03|34.0062|21093|
2021-06-09 15:05:46|-10.04|33.8039|21119|
2021-06-09 15:05:56|-10.07|33.5881|21148|
2021-06-09 15:06:06|-10.08|33.3761|21175|
2021-06-09 15:06:16|-10.09|33.1605|21204|
2021-06-09 15:06:26|-10.08|33.0027|21225|
2021-06-09 15:06:36|-10.1|32.7598|21257|
2021-06-09 15:06:46|-10.11|32.557|21285|
2021-06-09 15:06:56|-10.12|32.3508|21313|
2021-06-09 15:07:06|-10.14|32.0944|21347|
2021-06-09 15:07:16|-10.17|31.8978|21374|
2021-06-09 15:07:26|-10.15|31.6839|21404|
2021-06-09 15:07:36|-10.16|31.5052|21428|
2021-06-09 15:07:46|-10.17|31.3361|21452|
2021-06-09 15:07:56|-10.19|31.163|21476|
2021-06-09 15:08:06|-10.2|30.987|21500|
2021-06-09 15:08:16|-10.23|30.8018|21526|
2021-06-09 15:08:26|-10.2|30.608|21554|
2021-06-09 15:08:36|-10.21|30.4273|21579|
2021-06-09 15:08:46|-10.22|30.2415|21606|
2021-06-09 15:08:56|-10.22|30.0548|21633|
2021-06-09 15:09:06|-10.24|29.9171|21653|
2021-06-09 15:09:16|-10.27|29.7366|21679|
2021-06-09 15:09:26|-10.25|29.5606|21704|
2021-06-09 15:09:36|-10.26|29.3829|21730|
2021-06-09 15:09:46|-10.26|29.2366|21752|
2021-06-09 15:09:56|-10.26|29.0464|21780|
2021-06-09 15:10:06|-10.27|28.8484|21809|
2021-06-09 15:10:16|-10.29|28.6623|21837|
2021-06-09 15:10:26|-10.28|28.4974|21861|
2021-06-09 15:10:36|-10.28|28.3415|21885|
2021-06-09 15:10:46|-10.29|28.1805|21909|
2021-06-09 15:10:57|-10.3|28.0137|21934|
2021-06-09 15:11:07|-10.3|27.8484|21960|
2021-06-09 15:11:17|-10.31|27.7009|21982|
2021-06-09 15:11:27|-10.32|27.5591|22004|
2021-06-09 15:11:37|-10.29|27.4182|22026|
2021-06-09 15:11:47|-10.29|27.2549|22051|
2021-06-09 15:11:57|-10.29|27.095|22076|
2021-06-09 15:12:07|-10.29|26.955|22098|
2021-06-09 15:12:17|-10.3|26.8101|22121|
2021-06-09 15:12:27|-10.31|26.639|22148|
2021-06-09 15:12:37|-10.28|26.4768|22174|
2021-06-09 15:12:47|-10.27|26.3229|22198|
2021-06-09 15:12:57|-10.27|26.1811|22221|
2021-06-09 15:13:07|-10.27|26.0453|22243|
2021-06-09 15:13:17|-10.27|25.8856|22269|
2021-06-09 15:13:27|-10.25|25.7267|22294|
2021-06-09 15:13:37|-10.24|25.5804|22318|
2021-06-09 15:13:47|-10.24|25.4145|22346|
2021-06-09 15:13:57|-10.24|25.2119|22379|
2021-06-09 15:14:07|-10.23|25.0965|22398|
2021-06-09 15:14:17|-10.23|24.9308|22426|
2021-06-09 15:14:27|-10.23|24.8149|22445|
2021-06-09 15:14:37|-10.19|24.6796|22468|
2021-06-09 15:14:47|-10.18|24.5294|22493|
2021-06-09 15:14:57|-10.17|24.3791|22519|
2021-06-09 15:15:07|-10.17|24.2483|22541|
2021-06-09 15:15:17|-10.17|24.1179|22564|
2021-06-09 15:15:27|-10.18|24.0025|22583|
2021-06-09 15:15:37|-10.14|23.8739|22606|
2021-06-09 15:15:47|-10.13|23.7716|22623|
2021-06-09 15:15:57|-10.13|23.646|22645|
2021-06-09 15:16:07|-10.11|23.5223|22667|
2021-06-09 15:16:17|-10.11|23.3918|22690|
2021-06-09 15:16:27|-10.1|23.2997|22706|
2021-06-09 15:16:37|-10.08|23.1506|22732|
2021-06-09 15:16:47|-10.07|23.0596|22749|
2021-06-09 15:16:57|-10.06|22.9287|22772|
2021-06-09 15:17:07|-10.05|22.8287|22790|
2021-06-09 15:17:17|-10.03|22.705|22812|
2021-06-09 15:17:27|-10.01|22.5318|22844|
2021-06-09 15:17:37|-10.0|22.4256|22863|
2021-06-09 15:17:47|-9.99|22.333|22880|
2021-06-09 15:17:57|-9.98|22.1995|22904|
2021-06-09 15:18:07|-9.97|22.0793|22926|
2021-06-09 15:18:17|-9.97|21.9731|22946|
2021-06-09 15:18:27|-9.97|21.7878|22980|
2021-06-09 15:18:37|-9.95|21.6495|23006|
2021-06-09 15:18:47|-9.94|21.5392|23027|
2021-06-09 15:18:58|-9.93|21.4092|23051|
2021-06-09 15:19:08|-9.91|21.2785|23076|
2021-06-09 15:19:18|-9.91|21.1504|23101|
2021-06-09 15:19:28|-9.92|21.0538|23119|
2021-06-09 15:19:38|-9.88|20.9319|23143|
2021-06-09 15:19:48|-9.87|20.8213|23164|
2021-06-09 15:19:58|-9.87|20.6885|23190|
2021-06-09 15:20:08|-9.85|20.5968|23208|
2021-06-09 15:20:18|-9.85|20.4839|23230|
2021-06-09 15:20:28|-9.85|20.4127|23244|
2021-06-09 15:20:38|-9.81|20.3016|23265|
2021-06-09 15:20:48|-9.8|20.1956|23286|
2021-06-09 15:20:58|-9.8|20.1106|23303|
2021-06-09 15:21:08|-9.79|20.0163|23322|
2021-06-09 15:21:18|-9.78|20.3928|23248|
2021-06-09 15:21:28|-9.77|21.4541|23043|
2021-06-09 15:21:38|-9.75|22.6701|22818|
2021-06-09 15:21:48|-9.74|23.9051|22600|
2021-06-09 15:21:58|-9.73|25.2208|22378|
2021-06-09 15:22:08|-9.71|26.4304|22181|
2021-06-09 15:22:18|-9.71|27.74|21976|
2021-06-09 15:22:28|-9.71|29.1914|21758|
2021-06-09 15:22:38|-9.68|30.6671|21545|
2021-06-09 15:22:48|-9.68|32.1436|21341|
2021-06-09 15:22:58|-9.68|33.6638|21138|
2021-06-09 15:23:08|-9.68|35.2047|20939|
2021-06-09 15:23:18|-9.68|36.8669|20733|
2021-06-09 15:23:28|-9.69|38.413|20548|
2021-06-09 15:23:38|-9.7|40.1965|20342|
2021-06-09 15:23:48|-9.72|41.93|20148|
2021-06-09 15:23:58|-9.74|43.7524|19951|
2021-06-09 15:24:08|-9.77|45.6069|19758|
2021-06-09 15:24:18|-9.8|47.5635|19561|
2021-06-09 15:24:28|-9.84|49.5628|19366|
2021-06-09 15:24:38|-9.88|51.5133|19182|
2021-06-09 15:24:48|-9.93|53.6363|18988|
2021-06-09 15:24:58|-9.99|55.7666|18799|
2021-06-09 15:25:08|-10.05|57.9966|18608|
2021-06-09 15:25:18|-10.11|60.2453|18421|
2021-06-09 15:25:28|-10.19|62.594|18232|
2021-06-09 15:25:38|-10.27|64.936|18049|
2021-06-09 15:25:48|-10.34|67.3445|17866|
2021-06-09 15:25:58|-10.42|69.6961|17693|
2021-06-09 15:26:08|-10.51|72.2249|17512|
2021-06-09 15:26:18|-10.62|74.7976|17332|
2021-06-09 15:26:28|-10.72|77.3713|17158|
2021-06-09 15:26:38|-10.82|80.0407|16982|
2021-06-09 15:26:48|-10.91|82.8592|16801|
2021-06-09 15:26:58|-11.03|85.6964|16625|
2021-06-09 15:27:09|-11.14|88.3572|16463|
2021-06-09 15:27:19|-11.26|91.2674|16290|
2021-06-09 15:27:29|-11.39|94.2055|16121|
2021-06-09 15:27:39|-11.53|97.1815|15953|
2021-06-09 15:27:49|-11.64|100.2575|15785|
2021-06-09 15:27:59|-11.78|103.3917|15617|
2021-06-09 15:28:09|-11.91|106.3125|15464|
2021-06-09 15:28:19|-12.05|109.4768|15303|
2021-06-09 15:28:29|-12.2|112.7207|15141|
2021-06-09 15:28:39|-12.33|115.8912|14987|
2021-06-09 15:28:49|-12.47|119.1683|14830|
2021-06-09 15:28:59|-12.62|122.6043|14670|
2021-06-09 15:29:09|-12.76|125.7528|14527|
2021-06-09 15:29:19|-12.91|129.1627|14375|
2021-06-09 15:29:29|-13.06|132.689|14221|
2021-06-09 15:29:39|-13.21|136.2376|14069|
2021-06-09 15:29:49|-13.37|139.8335|13919|
2021-06-09 15:29:59|-13.51|143.3073|13777|
2021-06-09 15:30:09|-13.67|147.0703|13626|
2021-06-09 15:30:19|-13.83|150.8115|13478|
2021-06-09 15:30:29|-14.0|154.6991|13329|
2021-06-09 15:30:39|-14.18|158.6558|13179|
2021-06-09 15:30:49|-14.31|162.3919|13041|
2021-06-09 15:30:59|-14.47|166.3238|12898|
2021-06-09 15:31:09|-14.63|170.4614|12751|
2021-06-09 15:31:19|-14.78|174.6148|12606|
2021-06-09 15:31:29|-14.92|178.6671|12467|
2021-06-09 15:31:39|-15.08|182.9213|12324|
2021-06-09 15:31:49|-15.23|187.4158|12176|
2021-06-09 15:31:59|-15.38|192.0021|12028|
2021-06-09 15:32:09|-15.52|196.1988|11895|
2021-06-09 15:32:19|-15.68|200.8893|11748|
2021-06-09 15:32:29|-15.83|205.5414|11606|
2021-06-09 15:32:39|-15.98|210.1117|11469|
2021-06-09 15:32:49|-16.12|214.5134|11339|
2021-06-09 15:32:59|-16.27|219.1833|11204|
2021-06-09 15:33:09|-16.42|223.9165|11069|
2021-06-09 15:33:19|-16.58|228.7909|10932|
2021-06-09 15:33:29|-16.73|233.3424|10807|
2021-06-09 15:33:39|-16.88|238.1403|10676|
2021-06-09 15:33:49|-17.03|242.9052|10549|
2021-06-09 15:33:59|-17.18|247.6282|10418|
2021-06-09 15:34:09|-17.32|252.9026|10289|
2021-06-09 15:34:19|-17.47|258.063|10158|
2021-06-09 15:34:29|-17.62|263.3092|10027|
2021-06-09 15:34:39|-17.76|268.3815|9902|
2021-06-09 15:34:49|-17.88|273.6973|9773|
2021-06-09 15:34:59|-18.02|279.0637|9645|
2021-06-09 15:35:10|-18.16|284.0166|9529|
2021-06-09 15:35:20|-18.3|289.2505|9408|
2021-06-09 15:35:30|-18.42|294.8154|9281|
2021-06-09 15:35:40|-18.54|300.3414|9157|
2021-06-09 15:35:50|-18.66|305.5955|9041|
2021-06-09 15:36:00|-18.78|311.3552|8915|
2021-06-09 15:36:10|-18.89|316.873|8797|
2021-06-09 15:36:20|-19.0|322.1809|8684|
2021-06-09 15:36:30|-19.11|327.9595|8563|
2021-06-09 15:36:40|-19.2|333.677|8445|
2021-06-09 15:36:50|-19.3|338.9396|8338|
2021-06-09 15:37:00|-19.37|344.5806|8225|
2021-06-09 15:37:10|-19.45|350.469|8109|
