[2021-06-09 10:16:28][INFO]|363|41.8107,0.6422|0.035|
[2021-06-09 10:16:38][INFO]|363|41.8107,0.6422|0.2688|
[2021-06-09 10:16:48][INFO]|362|41.8107,0.6422|0.1043|
[2021-06-09 10:16:58][INFO]|362|41.8107,0.6422|0.1115|
[2021-06-09 10:17:08][INFO]|362|41.8107,0.6422|0.0236|
[2021-06-09 10:17:19][INFO]|361|41.8107,0.6422|0.7273|
[2021-06-09 10:17:29][INFO]|360|41.8107,0.6422|0.6266|
[2021-06-09 10:17:39][INFO]|360|41.8107,0.6422|0.5911|
[2021-06-09 10:17:50][INFO]|361|41.8107,0.6422|0.4025|
[2021-06-09 10:18:00][INFO]|362|41.8107,0.6422|0.1321|
[2021-06-09 10:18:10][INFO]|362|41.8107,0.6422|0.1013|
[2021-06-09 10:18:20][INFO]|362|41.8107,0.6422|0.0807|
[2021-06-09 10:18:30][INFO]|363|41.8107,0.6422|0.0303|
[2021-06-09 10:18:40][INFO]|362|41.8107,0.6422|0.0154|
[2021-06-09 10:18:50][INFO]|363|41.8107,0.6422|0.0288|
[2021-06-09 10:19:01][INFO]|362|41.8107,0.6422|0.0714|
[2021-06-09 10:19:11][INFO]|362|41.8107,0.6422|0.0643|
[2021-06-09 10:19:21][INFO]|362|41.8107,0.6421|0.0571|
[2021-06-09 10:19:31][INFO]|362|41.8107,0.6421|0.0771|
[2021-06-09 10:19:41][INFO]|362|41.8107,0.6421|0.1043|
[2021-06-09 10:19:51][INFO]|361|41.8107,0.6421|0.0704|
[2021-06-09 10:20:01][INFO]|361|41.8107,0.6421|0.0216|
[2021-06-09 10:20:12][INFO]|361|41.8107,0.6421|0.0113|
[2021-06-09 10:20:22][INFO]|361|41.8107,0.6421|0.0637|
[2021-06-09 10:20:32][INFO]|360|41.8107,0.6421|0.0267|
[2021-06-09 10:20:42][INFO]|360|41.8107,0.6421|0.0262|
[2021-06-09 10:20:52][INFO]|360|41.8107,0.6421|0.0643|
[2021-06-09 10:21:02][INFO]|361|41.8107,0.6421|0.1038|
[2021-06-09 10:21:12][INFO]|361|41.8107,0.6421|0.0565|
[2021-06-09 10:21:23][INFO]|362|41.8107,0.6421|0.037|
[2021-06-09 10:21:33][INFO]|363|41.8107,0.6421|0.0499|
[2021-06-09 10:21:43][INFO]|363|41.8107,0.6421|0.0684|
[2021-06-09 10:21:54][INFO]|364|41.8108,0.642|0.0843|
[2021-06-09 10:22:04][INFO]|364|41.8108,0.642|0.0632|
[2021-06-09 10:22:14][INFO]|363|41.8108,0.642|0.7093|
[2021-06-09 10:22:24][INFO]|362|41.8107,0.642|0.5263|
[2021-06-09 10:22:34][INFO]|364|41.8108,0.6421|0.2035|
[2021-06-09 10:22:44][INFO]|363|41.8108,0.6421|0.165|
[2021-06-09 10:22:55][INFO]|363|41.8108,0.6421|0.2143|
[2021-06-09 10:23:05][INFO]|363|41.8108,0.6421|0.2406|
[2021-06-09 10:23:15][INFO]|363|41.8108,0.6421|0.1331|
[2021-06-09 10:23:25][INFO]|362|41.8108,0.6421|0.1974|
[2021-06-09 10:23:35][INFO]|362|41.8108,0.6421|0.1038|
[2021-06-09 10:23:45][INFO]|361|41.8108,0.6421|0.0802|
[2021-06-09 10:23:55][INFO]|361|41.8108,0.6421|0.1095|
[2021-06-09 10:24:06][INFO]|362|41.8108,0.6421|0.0432|
[2021-06-09 10:24:16][INFO]|363|41.8108,0.6421|0.0514|
[2021-06-09 10:24:26][INFO]|362|41.8108,0.6421|0.1203|
[2021-06-09 10:24:36][INFO]|361|41.8108,0.6421|0.0514|
[2021-06-09 10:24:46][INFO]|361|41.8108,0.6422|0.037|
[2021-06-09 10:24:56][INFO]|361|41.8108,0.6422|0.0493|
[2021-06-09 10:25:06][INFO]|360|41.8108,0.6422|0.1316|
[2021-06-09 10:25:16][INFO]|360|41.8108,0.6422|0.1737|
[2021-06-09 10:25:27][INFO]|361|41.8108,0.6422|0.2914|
[2021-06-09 10:25:37][INFO]|362|41.8108,0.6422|0.2442|
[2021-06-09 10:25:47][INFO]|362|41.8108,0.6422|0.2421|
[2021-06-09 10:25:57][INFO]|362|41.8108,0.6422|0.2431|
[2021-06-09 10:26:07][INFO]|362|41.8108,0.6422|0.1342|
[2021-06-09 10:26:18][INFO]|362|41.8109,0.6423|6.2574|
[2021-06-09 10:26:28][INFO]|362|41.811,0.6424|8.4137|
[2021-06-09 10:26:38][INFO]|363|41.8111,0.6424|10.4676|
[2021-06-09 10:26:48][INFO]|333|41.8107,0.6421|0.2472|
[2021-06-09 10:26:58][INFO]|333|41.8107,0.6421|0.164|
[2021-06-09 10:27:09][INFO]|333|41.8107,0.6421|0.1753|
[2021-06-09 10:27:19][INFO]|333|41.8107,0.6421|0.0607|
[2021-06-09 10:27:29][INFO]|334|41.8107,0.6421|0.0288|
[2021-06-09 10:27:39][INFO]|334|41.8107,0.6421|0.038|
[2021-06-09 10:27:49][INFO]|334|41.8107,0.6421|0.0565|
[2021-06-09 10:27:59][INFO]|335|41.8107,0.6421|0.0278|
[2021-06-09 10:28:09][INFO]|335|41.8108,0.6421|0.0144|
[2021-06-09 10:28:19][INFO]|335|41.8108,0.6421|0.0262|
[2021-06-09 10:28:30][INFO]|335|41.8108,0.6421|0.0658|
[2021-06-09 10:28:40][INFO]|335|41.8108,0.6421|0.1064|
[2021-06-09 10:28:50][INFO]|335|41.8108,0.6421|0.238|
[2021-06-09 10:29:00][INFO]|335|41.8108,0.6421|0.1342|
[2021-06-09 10:29:10][INFO]|335|41.8108,0.6421|0.1213|
[2021-06-09 10:29:20][INFO]|336|41.8108,0.6421|0.0463|
[2021-06-09 10:29:30][INFO]|336|41.8108,0.6421|0.1018|
[2021-06-09 10:29:41][INFO]|335|41.8108,0.6421|0.0617|
[2021-06-09 10:29:51][INFO]|335|41.8108,0.6421|0.0915|
[2021-06-09 10:30:01][INFO]|335|41.8108,0.6421|0.0365|
[2021-06-09 10:30:12][INFO]|335|41.8108,0.6421|0.1434|
[2021-06-09 10:30:22][INFO]|335|41.8108,0.6421|0.1059|
[2021-06-09 10:30:32][INFO]|335|41.8108,0.6421|0.2313|
[2021-06-09 10:30:42][INFO]|335|41.8108,0.6421|0.0421|
[2021-06-09 10:30:53][INFO]|335|41.8108,0.6421|0.074|
[2021-06-09 10:31:03][INFO]|336|41.8108,0.6421|0.0535|
[2021-06-09 10:31:13][INFO]|335|41.8108,0.6421|0.1393|
[2021-06-09 10:31:23][INFO]|329|41.8108,0.6421|0.0452|
[2021-06-09 10:31:33][INFO]|329|41.8108,0.6421|0.0375|
[2021-06-09 10:31:43][INFO]|329|41.8108,0.6421|0.0889|
[2021-06-09 10:31:54][INFO]|329|41.8108,0.6421|0.0365|
[2021-06-09 10:32:04][INFO]|329|41.8108,0.6421|0.0802|
[2021-06-09 10:32:14][INFO]|329|41.8108,0.6421|0.1635|
[2021-06-09 10:32:24][INFO]|329|41.8108,0.6421|0.2082|
[2021-06-09 10:32:34][INFO]|329|41.8108,0.6421|0.0087|
[2021-06-09 10:32:44][INFO]|329|41.8108,0.6421|0.0982|
[2021-06-09 10:32:55][INFO]|329|41.8108,0.6421|0.036|
[2021-06-09 10:33:05][INFO]|329|41.8108,0.6421|0.1979|
[2021-06-09 10:33:15][INFO]|329|41.8108,0.6421|0.1804|
[2021-06-09 10:33:25][INFO]|329|41.8108,0.6421|0.0144|
[2021-06-09 10:33:35][INFO]|329|41.8108,0.6421|0.0792|
[2021-06-09 10:33:45][INFO]|329|41.8108,0.6421|0.0129|
[2021-06-09 10:33:55][INFO]|330|41.8108,0.6421|0.0077|
[2021-06-09 10:34:05][INFO]|330|41.8108,0.6421|0.0432|
[2021-06-09 10:34:15][INFO]|330|41.8108,0.6421|0.0488|
[2021-06-09 10:34:26][INFO]|330|41.8108,0.6421|0.2046|
[2021-06-09 10:34:36][INFO]|330|41.8108,0.6421|0.1861|
[2021-06-09 10:34:46][INFO]|330|41.8108,0.6421|0.0185|
[2021-06-09 10:34:56][INFO]|330|41.8108,0.6421|0.0509|
[2021-06-09 10:35:06][INFO]|330|41.8108,0.6421|0.4991|
[2021-06-09 10:35:16][INFO]|330|41.8108,0.6421|0.6641|
[2021-06-09 10:35:26][INFO]|330|41.8108,0.642|0.8234|
[2021-06-09 10:35:37][INFO]|330|41.8108,0.642|0.7381|
[2021-06-09 10:35:47][INFO]|330|41.8108,0.642|0.5191|
[2021-06-09 10:35:57][INFO]|330|41.8108,0.642|0.4086|
[2021-06-09 10:36:07][INFO]|334|41.8108,0.6421|0.0519|
[2021-06-09 10:36:17][INFO]|334|41.8108,0.6421|0.0843|
[2021-06-09 10:36:28][INFO]|334|41.8108,0.6421|0.0123|
[2021-06-09 10:36:38][INFO]|334|41.8108,0.6421|0.0314|
[2021-06-09 10:36:48][INFO]|334|41.8108,0.6421|0.0833|
[2021-06-09 10:36:58][INFO]|334|41.8108,0.6421|0.1352|
[2021-06-09 10:37:08][INFO]|334|41.8108,0.6421|0.0997|
[2021-06-09 10:37:18][INFO]|333|41.8108,0.6421|0.1038|
[2021-06-09 10:37:28][INFO]|333|41.8108,0.6421|0.0643|
[2021-06-09 10:37:38][INFO]|333|41.8108,0.6421|0.0329|
[2021-06-09 10:37:49][INFO]|333|41.8108,0.6421|0.3886|
[2021-06-09 10:37:59][INFO]|333|41.8108,0.6421|0.8764|
[2021-06-09 10:38:09][INFO]|333|41.8108,0.6421|0.6446|
[2021-06-09 10:40:10][INFO]|312|41.8104,0.6421|2.0159|
[2021-06-09 10:40:20][INFO]|315|41.8104,0.6421|2.1696|
[2021-06-09 10:40:30][INFO]|316|41.8104,0.6421|1.9712|
[2021-06-09 10:40:40][INFO]|315|41.8104,0.6421|2.0|
[2021-06-09 10:40:50][INFO]|315|41.8104,0.6421|2.3567|
[2021-06-09 10:41:01][INFO]|316|41.8104,0.6421|2.3644|
[2021-06-09 10:41:11][INFO]|317|41.8104,0.6421|1.8067|
