2021-06-09 13:40:26|323|41.8101,0.6422|0.5798|
2021-06-09 13:40:36|324|41.8101,0.6422|0.1033|
2021-06-09 13:40:46|324|41.8101,0.6422|0.0252|
2021-06-09 13:40:56|324|41.8101,0.6422|0.0154|
2021-06-09 13:41:06|324|41.8101,0.6422|0.0684|
2021-06-09 13:41:16|324|41.8101,0.6422|0.0935|
2021-06-09 13:41:27|323|41.8101,0.6422|0.0869|
2021-06-09 13:41:37|323|41.8101,0.6422|0.1583|
2021-06-09 13:41:47|323|41.8101,0.6422|0.0231|
2021-06-09 13:41:57|323|41.8101,0.6422|0.0473|
2021-06-09 13:42:07|323|41.8101,0.6422|0.0786|
2021-06-09 13:42:17|323|41.8101,0.6422|0.0771|
2021-06-09 13:42:27|323|41.8101,0.6422|0.0519|
2021-06-09 13:42:37|323|41.8101,0.6422|0.0519|
2021-06-09 13:42:48|324|41.8101,0.6422|0.0812|
2021-06-09 13:42:58|324|41.8101,0.6422|0.093|
2021-06-09 13:43:08|324|41.8101,0.6422|0.0529|
2021-06-09 13:43:18|324|41.8101,0.6422|0.0802|
2021-06-09 13:43:28|324|41.8101,0.6422|0.0843|
2021-06-09 13:43:38|325|41.8101,0.6422|0.238|
2021-06-09 13:43:48|325|41.8101,0.6422|0.3819|
2021-06-09 13:43:59|325|41.8101,0.6422|0.274|
2021-06-09 13:44:19|581|41.8108,0.6418|5.1107|
2021-06-09 13:44:29|586|41.8109,0.6418|5.8509|
2021-06-09 13:44:39|592|41.8109,0.6418|2.2081|
2021-06-09 13:44:49|598|41.8109,0.6417|2.625|
2021-06-09 13:45:00|603|41.8109,0.6417|2.3659|
2021-06-09 13:45:10|608|41.8109,0.6417|0.955|
2021-06-09 13:45:20|613|41.8109,0.6417|1.6463|
2021-06-09 13:45:30|618|41.8109,0.6417|2.9848|
2021-06-09 13:45:40|624|41.8109,0.6417|3.5523|
2021-06-09 13:45:50|629|41.8109,0.6417|2.5685|
2021-06-09 13:46:00|635|41.8109,0.6416|1.0208|
2021-06-09 13:46:10|641|41.8109,0.6416|2.8003|
2021-06-09 13:46:21|648|41.8109,0.6416|4.2163|
2021-06-09 13:46:31|654|41.811,0.6416|4.1192|
2021-06-09 13:46:41|660|41.811,0.6416|1.9732|
2021-06-09 13:46:51|667|41.811,0.6416|3.0059|
2021-06-09 13:47:01|672|41.811,0.6417|4.5705|
2021-06-09 13:47:11|679|41.8111,0.6417|3.8427|
2021-06-09 13:47:21|685|41.8111,0.6417|4.8362|
2021-06-09 13:47:32|690|41.8111,0.6417|4.9174|
2021-06-09 13:47:42|695|41.8111,0.6416|2.3274|
2021-06-09 13:47:52|701|41.8112,0.6416|3.0922|
2021-06-09 13:48:02|707|41.8112,0.6416|4.0056|
2021-06-09 13:48:12|712|41.8112,0.6416|5.0146|
2021-06-09 13:48:22|718|41.8112,0.6415|5.2063|
2021-06-09 13:48:32|723|41.8113,0.6415|1.7862|
2021-06-09 13:48:53|2241|41.8106,0.6428|4.0524|
2021-06-09 13:49:03|2246|41.8106,0.6428|3.8118|
2021-06-09 13:49:13|2250|41.8106,0.6429|4.3202|
2021-06-09 13:49:23|2255|41.8106,0.6429|4.313|
2021-06-09 13:49:33|2259|41.8106,0.643|3.2315|
2021-06-09 13:49:43|2264|41.8106,0.643|2.5674|
2021-06-09 13:49:54|2269|41.8106,0.643|4.6214|
2021-06-09 13:50:04|2275|41.8106,0.6431|6.5951|
2021-06-09 13:50:14|2281|41.8105,0.6431|7.1359|
2021-06-09 13:50:24|2287|41.8105,0.6432|6.3998|
2021-06-09 13:50:34|2294|41.8105,0.6433|5.6586|
2021-06-09 13:50:44|2301|41.8105,0.6433|5.9794|
2021-06-09 13:50:54|2308|41.8104,0.6434|7.2767|
2021-06-09 13:51:04|2316|41.8104,0.6435|6.9349|
2021-06-09 13:51:15|2323|41.8104,0.6435|5.0655|
2021-06-09 13:51:25|2330|41.8104,0.6436|5.1236|
2021-06-09 13:51:35|2338|41.8104,0.6437|7.7938|
2021-06-09 13:51:45|2345|41.8103,0.6438|10.5036|
2021-06-09 13:51:55|2351|41.8103,0.6439|10.4147|
2021-06-09 13:52:05|2356|41.8102,0.6439|6.13|
2021-06-09 13:52:15|2362|41.8102,0.644|3.414|
2021-06-09 13:52:26|2368|41.8102,0.644|5.7429|
2021-06-09 13:52:36|2374|41.8101,0.6441|9.6514|
2021-06-09 13:52:46|2380|41.8101,0.6442|10.1695|
2021-06-09 13:52:56|2387|41.81,0.6443|7.3862|
2021-06-09 13:53:06|2394|41.81,0.6444|5.7249|
2021-06-09 13:53:16|2400|41.8099,0.6444|6.3243|
2021-06-09 13:53:27|3862|41.7997,0.6652|11.6056|
2021-06-09 13:53:37|3867|41.7997,0.6653|11.3897|
2021-06-09 13:53:47|3873|41.7996,0.6654|11.2535|
2021-06-09 13:53:57|3879|41.7995,0.6655|12.1607|
2021-06-09 13:54:07|3886|41.7994,0.6656|13.7223|
2021-06-09 13:54:17|3892|41.7993,0.6657|14.7487|
2021-06-09 13:54:27|3897|41.7993,0.6659|14.613|
2021-06-09 13:54:37|3902|41.7992,0.666|13.3445|
2021-06-09 13:54:48|3907|41.7991,0.6661|11.7608|
2021-06-09 13:54:58|3914|41.7991,0.6663|11.1929|
2021-06-09 13:55:08|3920|41.799,0.6664|11.5593|
2021-06-09 13:55:18|3927|41.7989,0.6665|12.0461|
2021-06-09 13:55:28|3934|41.7989,0.6666|13.3064|
2021-06-09 13:55:38|3941|41.7988,0.6667|14.8993|
2021-06-09 13:55:48|3946|41.7987,0.6669|14.6305|
2021-06-09 13:55:59|3951|41.7987,0.6671|12.5848|
2021-06-09 13:56:09|3956|41.7987,0.6672|11.7315|
2021-06-09 13:56:19|3960|41.7986,0.6673|12.3278|
2021-06-09 13:56:29|3965|41.7986,0.6675|12.1427|
2021-06-09 13:56:39|3971|41.7985,0.6676|10.3869|
2021-06-09 13:56:49|3976|41.7985,0.6677|8.6671|
2021-06-09 13:56:59|3981|41.7984,0.6677|9.6997|
2021-06-09 13:57:10|3986|41.7984,0.6678|11.4591|
2021-06-09 13:57:20|3992|41.7983,0.668|11.8318|
2021-06-09 13:57:30|3999|41.7982,0.6681|11.4704|
2021-06-09 13:57:40|4006|41.7982,0.6682|12.2903|
2021-06-09 13:57:50|4013|41.7981,0.6683|14.4126|
2021-06-09 13:58:11|5425|41.7828,0.7062|17.8939|
2021-06-09 13:58:21|5431|41.7827,0.7064|17.808|
2021-06-09 13:58:31|5437|41.7826,0.7066|17.0689|
2021-06-09 13:58:41|5443|41.7825,0.7067|15.7762|
2021-06-09 13:58:51|5450|41.7824,0.7069|14.4665|
2021-06-09 13:59:01|5456|41.7824,0.707|13.9387|
2021-06-09 13:59:11|5463|41.7823,0.7072|13.8091|
2021-06-09 13:59:22|5470|41.7823,0.7073|14.6973|
2021-06-09 13:59:32|5477|41.7822,0.7075|16.3987|
2021-06-09 13:59:42|5483|41.7822,0.7077|18.2634|
2021-06-09 13:59:52|5490|41.7821,0.7079|18.0995|
2021-06-09 14:00:02|5497|41.782,0.7081|15.8209|
2021-06-09 14:00:12|5504|41.7819,0.7082|13.7495|
2021-06-09 14:00:22|5511|41.7818,0.7083|13.1188|
2021-06-09 14:00:32|5517|41.7818,0.7085|13.1872|
2021-06-09 14:00:43|5524|41.7817,0.7086|13.9947|
2021-06-09 14:00:53|5531|41.7817,0.7088|15.7721|
2021-06-09 14:01:03|5537|41.7816,0.709|17.8908|
2021-06-09 14:01:13|5544|41.7815,0.7092|18.2948|
2021-06-09 14:01:23|5551|41.7814,0.7093|17.842|
2021-06-09 14:01:33|5557|41.7813,0.7095|16.9625|
2021-06-09 14:01:43|5563|41.7812,0.7096|15.2458|
2021-06-09 14:01:54|5570|41.7812,0.7098|13.7814|
2021-06-09 14:02:04|5575|41.7811,0.7099|13.1276|
2021-06-09 14:02:14|5580|41.781,0.71|13.0453|
2021-06-09 14:02:24|5586|41.781,0.7102|13.914|
2021-06-09 14:02:34|7045|41.7582,0.749|15.3388|
2021-06-09 14:02:44|7051|41.7582,0.7491|15.7813|
2021-06-09 14:02:54|7058|41.7581,0.7493|17.0705|
2021-06-09 14:03:05|7064|41.758,0.7495|19.2611|
2021-06-09 14:03:15|7070|41.7579,0.7497|19.4492|
2021-06-09 14:03:25|7077|41.7578,0.7499|16.4758|
2021-06-09 14:03:35|7084|41.7578,0.75|13.7526|
2021-06-09 14:03:45|7090|41.7577,0.7501|13.8554|
2021-06-09 14:03:55|7097|41.7576,0.7503|15.1609|
2021-06-09 14:04:05|7105|41.7575,0.7504|15.4385|
2021-06-09 14:04:16|7112|41.7574,0.7506|14.464|
2021-06-09 14:04:26|7119|41.7573,0.7507|13.5891|
2021-06-09 14:04:36|7125|41.7573,0.7508|14.3504|
2021-06-09 14:04:46|7131|41.7571,0.7509|17.6569|
2021-06-09 14:04:56|7136|41.757,0.7511|19.8754|
2021-06-09 14:05:06|7141|41.7569,0.7513|18.668|
2021-06-09 14:05:16|7146|41.7568,0.7515|17.4046|
2021-06-09 14:05:27|7151|41.7568,0.7517|18.0501|
2021-06-09 14:05:37|7156|41.7567,0.7518|18.1961|
2021-06-09 14:05:47|7161|41.7566,0.752|16.7878|
2021-06-09 14:05:57|7167|41.7566,0.7522|15.4036|
2021-06-09 14:06:07|7173|41.7565,0.7524|14.7323|
2021-06-09 14:06:17|7179|41.7564,0.7525|14.8762|
2021-06-09 14:06:27|7185|41.7564,0.7527|16.0065|
2021-06-09 14:06:38|7191|41.7563,0.7529|17.6117|
2021-06-09 14:06:48|7197|41.7563,0.7531|19.055|
2021-06-09 14:06:58|7203|41.7562,0.7533|18.8509|
2021-06-09 14:07:08|00047|41.7337,0.7897|17.2375|
2021-06-09 14:07:18|8627|41.7336,0.7898|14.6613|
2021-06-09 14:07:28|8632|41.7336,0.79|14.6105|
2021-06-09 14:07:38|8637|41.7335,0.7901|15.0309|
2021-06-09 14:07:49|8641|41.7334,0.7903|12.6891|
2021-06-09 14:07:59|8645|41.7334,0.7904|10.6295|
2021-06-09 14:08:09|8649|41.7333,0.7905|11.327|
2021-06-09 14:08:19|8653|41.7333,0.7906|12.979|
2021-06-09 14:08:29|8657|41.7332,0.7908|14.7821|
2021-06-09 14:08:39|8662|41.7331,0.7909|14.8618|
2021-06-09 14:08:49|8666|41.7331,0.7911|13.1348|
2021-06-09 14:09:00|8670|41.733,0.7912|12.337|
2021-06-09 14:09:10|8673|41.733,0.7914|14.1751|
2021-06-09 14:09:20|8677|41.7329,0.7915|15.9638|
2021-06-09 14:09:30|8682|41.7328,0.7917|15.5177|
2021-06-09 14:09:40|8688|41.7327,0.7918|14.9338|
2021-06-09 14:09:50|8694|41.7326,0.7919|15.8112|
2021-06-09 14:10:00|8701|41.7325,0.7921|17.6847|
2021-06-09 14:10:10|8708|41.7324,0.7922|18.3853|
2021-06-09 14:10:21|8714|41.7323,0.7924|18.1761|
2021-06-09 14:10:31|8719|41.7322,0.7926|17.9453|
2021-06-09 14:10:41|8724|41.7321,0.7928|17.7279|
2021-06-09 14:10:51|8728|41.732,0.7929|16.9199|
2021-06-09 14:11:01|8734|41.732,0.7931|16.2897|
2021-06-09 14:11:11|8740|41.7319,0.7932|14.7605|
2021-06-09 14:11:22|8746|41.7318,0.7934|12.356|
2021-06-09 14:11:32|8752|41.7317,0.7935|11.0592|
2021-06-09 14:11:42|9953|41.7101,0.8271|15.6426|
2021-06-09 14:11:52|9957|41.71,0.8273|19.0129|
2021-06-09 14:12:02|9960|41.7099,0.8275|17.8451|
2021-06-09 14:12:12|9965|41.7098,0.8276|13.4534|
2021-06-09 14:12:22|9969|41.7097,0.8277|12.4768|
2021-06-09 14:12:32|9973|41.7096,0.8279|16.7384|
2021-06-09 14:12:43|9977|41.7095,0.828|19.5592|
2021-06-09 14:12:53|9980|41.7094,0.8282|16.4059|
2021-06-09 14:13:03|9985|41.7094,0.8283|12.9122|
2021-06-09 14:13:13|9990|41.7093,0.8285|12.096|
2021-06-09 14:13:23|9994|41.7092,0.8286|14.2686|
2021-06-09 14:13:33|9998|41.7092,0.8288|16.8792|
2021-06-09 14:13:43|10001|41.7091,0.8289|16.2455|
2021-06-09 14:13:54|10005|41.709,0.8291|13.7613|
2021-06-09 14:14:04|10010|41.7089,0.8292|14.1021|
2021-06-09 14:14:14|10015|41.7088,0.8293|16.7286|
2021-06-09 14:14:24|10020|41.7087,0.8295|16.6603|
2021-06-09 14:14:34|10024|41.7086,0.8296|14.1494|
2021-06-09 14:14:44|10028|41.7085,0.8297|13.4843|
2021-06-09 14:14:54|10031|41.7084,0.8298|16.5087|
2021-06-09 14:15:04|10035|41.7083,0.83|17.9391|
2021-06-09 14:15:15|10039|41.7082,0.8301|15.254|
2021-06-09 14:15:25|10044|41.7081,0.8302|12.2044|
2021-06-09 14:15:35|10048|41.708,0.8303|12.6197|
2021-06-09 14:15:45|10052|41.7079,0.8304|14.9178|
2021-06-09 14:15:55|10055|41.7079,0.8306|15.4056|
2021-06-09 14:16:05|10059|41.7078,0.8307|14.1191|
2021-06-09 14:16:26|11214|41.684,0.868|17.4313|
2021-06-09 14:16:36|11218|41.6839,0.8682|17.5058|
2021-06-09 14:16:46|11223|41.6838,0.8683|17.9165|
2021-06-09 14:16:56|11227|41.6837,0.8685|17.294|
2021-06-09 14:17:06|11230|41.6837,0.8687|16.4141|
2021-06-09 14:17:16|11234|41.6836,0.8688|16.6433|
2021-06-09 14:17:27|11239|41.6835,0.869|18.429|
2021-06-09 14:17:37|11243|41.6833,0.8692|19.6533|
2021-06-09 14:17:47|11248|41.6832,0.8693|17.6718|
2021-06-09 14:17:57|11252|41.6831,0.8695|14.8885|
2021-06-09 14:18:07|11255|41.683,0.8696|14.8865|
2021-06-09 14:18:17|11259|41.6829,0.8697|18.3596|
2021-06-09 14:18:27|11263|41.6828,0.8699|20.9193|
2021-06-09 14:18:37|11267|41.6827,0.8701|20.1046|
2021-06-09 14:18:48|11271|41.6826,0.8702|18.0748|
2021-06-09 14:18:58|11275|41.6825,0.8704|18.2619|
2021-06-09 14:19:08|11278|41.6823,0.8706|20.2495|
2021-06-09 14:19:18|11281|41.6822,0.8708|19.9956|
2021-06-09 14:19:28|11285|41.6821,0.871|17.145|
2021-06-09 14:19:38|11290|41.682,0.8711|15.3727|
2021-06-09 14:19:48|11294|41.6819,0.8712|17.1476|
2021-06-09 14:19:59|11299|41.6818,0.8714|19.5819|
2021-06-09 14:20:09|11302|41.6818,0.8716|19.1578|
2021-06-09 14:20:19|11306|41.6817,0.8718|15.7433|
2021-06-09 14:20:29|11311|41.6816,0.8719|15.8955|
2021-06-09 14:20:39|11315|41.6815,0.8721|18.7296|
2021-06-09 14:20:49|12384|41.6542,0.9117|18.9399|
2021-06-09 14:21:00|12388|41.6541,0.9119|19.4307|
2021-06-09 14:21:10|12392|41.654,0.9121|19.2118|
2021-06-09 14:21:20|12396|41.6539,0.9122|17.955|
2021-06-09 14:21:30|12399|41.6538,0.9124|17.8522|
2021-06-09 14:21:40|12403|41.6537,0.9126|19.2493|
2021-06-09 14:21:50|12407|41.6536,0.9128|20.1216|
2021-06-09 14:22:00|12412|41.6535,0.913|20.6885|
2021-06-09 14:22:10|12416|41.6534,0.9132|21.9103|
2021-06-09 14:22:21|12420|41.6533,0.9134|22.5019|
2021-06-09 14:22:31|12424|41.6531,0.9136|21.6985|
2021-06-09 14:22:41|12428|41.653,0.9138|20.2408|
2021-06-09 14:22:51|12433|41.6529,0.914|19.4061|
2021-06-09 14:23:01|12437|41.6528,0.9141|19.0185|
2021-06-09 14:23:11|12442|41.6526,0.9143|18.1766|
2021-06-09 14:23:21|12446|41.6526,0.9144|16.927|
2021-06-09 14:23:32|12451|41.6525,0.9146|16.3416|
2021-06-09 14:23:42|12456|41.6524,0.9147|16.7708|
2021-06-09 14:23:52|12461|41.6523,0.9149|17.5171|
2021-06-09 14:24:02|12465|41.6522,0.9151|17.9083|
2021-06-09 14:24:12|12469|41.6521,0.9152|17.5423|
2021-06-09 14:24:22|12474|41.652,0.9154|18.0614|
2021-06-09 14:24:32|12479|41.6519,0.9156|19.661|
2021-06-09 14:24:43|12484|41.6517,0.9158|20.5117|
2021-06-09 14:24:53|12488|41.6516,0.9159|19.2647|
2021-06-09 14:25:03|12492|41.6515,0.9161|17.438|
2021-06-09 14:25:13|12497|41.6514,0.9163|16.3267|
2021-06-09 14:25:33|13577|41.6245,0.9524|16.521|
2021-06-09 14:25:44|13580|41.6244,0.9526|16.3123|
2021-06-09 14:25:54|13584|41.6243,0.9527|15.8014|
2021-06-09 14:26:04|13589|41.6242,0.9529|15.8435|
2021-06-09 14:26:14|13593|41.6242,0.953|16.1052|
2021-06-09 14:26:24|13596|41.6241,0.9532|16.2768|
2021-06-09 14:26:34|13600|41.624,0.9534|16.098|
2021-06-09 14:26:44|13604|41.6239,0.9535|16.4922|
2021-06-09 14:26:55|13609|41.6238,0.9537|17.1008|
2021-06-09 14:27:05|13613|41.6237,0.9538|17.8625|
2021-06-09 14:27:15|13617|41.6236,0.954|17.8003|
2021-06-09 14:27:25|13620|41.6235,0.9541|17.5253|
2021-06-09 14:27:35|13624|41.6234,0.9543|17.4878|
2021-06-09 14:27:45|13628|41.6233,0.9545|16.6695|
2021-06-09 14:27:55|13632|41.6232,0.9546|15.1507|
2021-06-09 14:28:06|13635|41.6231,0.9548|14.8006|
2021-06-09 14:28:16|13639|41.6231,0.9549|15.7341|
2021-06-09 14:28:26|13643|41.623,0.9551|16.6151|
2021-06-09 14:28:36|13647|41.6229,0.9552|17.054|
2021-06-09 14:28:46|13650|41.6227,0.9553|17.2|
2021-06-09 14:28:56|13653|41.6226,0.9555|17.0725|
2021-06-09 14:29:06|13656|41.6225,0.9556|16.6351|
2021-06-09 14:29:17|13661|41.6224,0.9558|15.8374|
2021-06-09 14:29:27|13664|41.6224,0.9559|15.6415|
2021-06-09 14:29:37|13668|41.6223,0.9561|16.6017|
2021-06-09 14:29:47|13672|41.6222,0.9563|17.7787|
2021-06-09 14:29:57|14702|41.5992,1.005|19.8039|
2021-06-09 14:30:07|14706|41.5991,1.0052|18.1339|
2021-06-09 14:30:17|14710|41.5991,1.0054|17.4128|
2021-06-09 14:30:28|14713|41.599,1.0055|18.6479|
2021-06-09 14:30:38|14717|41.5989,1.0058|20.4207|
2021-06-09 14:30:48|14721|41.5988,1.006|21.7658|
2021-06-09 14:30:58|14725|41.5987,1.0062|22.6659|
2021-06-09 14:31:08|14728|41.5986,1.0065|22.6376|
2021-06-09 14:31:18|14732|41.5985,1.0067|21.1809|
2021-06-09 14:31:28|14736|41.5985,1.0069|18.8895|
2021-06-09 14:31:38|14740|41.5984,1.0071|17.4061|
2021-06-09 14:31:49|14744|41.5983,1.0073|18.3226|
2021-06-09 14:31:59|14748|41.5982,1.0075|20.0876|
2021-06-09 14:32:09|14752|41.5981,1.0077|20.6381|
2021-06-09 14:32:19|14756|41.5981,1.0079|19.9242|
2021-06-09 14:32:29|14759|41.598,1.0081|18.9414|
2021-06-09 14:32:39|14762|41.5979,1.0083|18.8509|
2021-06-09 14:32:49|14767|41.5978,1.0085|19.2133|
2021-06-09 14:33:00|14771|41.5978,1.0087|19.9417|
2021-06-09 14:33:10|14775|41.5977,1.0089|20.3529|
2021-06-09 14:33:20|14778|41.5976,1.0091|19.9|
2021-06-09 14:33:30|14783|41.5975,1.0093|18.9286|
2021-06-09 14:33:40|14787|41.5974,1.0095|18.0378|
2021-06-09 14:33:50|14791|41.5973,1.0097|18.2948|
2021-06-09 14:34:00|14794|41.5973,1.0099|19.2904|
2021-06-09 14:34:11|14798|41.5972,1.0102|20.1092|
2021-06-09 14:34:21|14802|41.5971,1.0104|21.0375|
2021-06-09 14:34:41|15818|41.5797,1.0623|15.9186|
2021-06-09 14:34:51|15823|41.5797,1.0625|18.2979|
2021-06-09 14:35:01|15827|41.5796,1.0627|20.6479|
2021-06-09 14:35:12|15832|41.5795,1.063|21.899|
2021-06-09 14:35:22|15836|41.5794,1.0632|21.4898|
2021-06-09 14:35:32|15841|41.5793,1.0634|20.5574|
2021-06-09 14:35:42|15845|41.5792,1.0636|20.266|
2021-06-09 14:35:52|15849|41.5791,1.0638|20.1951|
2021-06-09 14:36:02|15853|41.5791,1.064|19.0894|
2021-06-09 14:36:12|15858|41.579,1.0642|17.6086|
2021-06-09 14:36:22|15862|41.5789,1.0644|17.328|
2021-06-09 14:36:33|15866|41.5789,1.0646|18.5539|
2021-06-09 14:36:43|15870|41.5788,1.0648|19.5829|
2021-06-09 14:36:53|15874|41.5787,1.065|19.9278|
2021-06-09 14:37:03|15879|41.5786,1.0653|20.303|
2021-06-09 14:37:13|15882|41.5785,1.0655|20.4294|
2021-06-09 14:37:23|15886|41.5784,1.0657|19.6713|
2021-06-09 14:37:33|15890|41.5783,1.0659|18.5323|
2021-06-09 14:37:44|15894|41.5783,1.066|17.4184|
2021-06-09 14:37:54|15899|41.5782,1.0662|17.1116|
2021-06-09 14:38:04|15903|41.5781,1.0664|17.8965|
2021-06-09 14:38:14|15907|41.5781,1.0666|19.0046|
2021-06-09 14:38:24|15912|41.578,1.0668|19.512|
2021-06-09 14:38:34|15916|41.5779,1.067|20.2115|
2021-06-09 14:38:44|15921|41.5778,1.0672|21.166|
2021-06-09 14:38:55|15924|41.5777,1.0674|20.9116|
2021-06-09 14:39:05|17008|41.562,1.1025|10.5833|
2021-06-09 14:39:15|17012|41.5619,1.1026|11.7444|
2021-06-09 14:39:25|17016|41.5619,1.1027|11.9305|
2021-06-09 14:39:35|17021|41.5618,1.1028|10.8315|
2021-06-09 14:39:45|17027|41.5618,1.103|9.5876|
2021-06-09 14:39:55|17032|41.5618,1.1031|9.6478|
2021-06-09 14:40:06|17037|41.5618,1.1032|12.1222|
2021-06-09 14:40:16|17042|41.5618,1.1034|14.4943|
2021-06-09 14:40:26|17046|41.5618,1.1035|13.9201|
2021-06-09 14:40:36|17052|41.5618,1.1037|10.8043|
2021-06-09 14:40:46|17057|41.5617,1.1038|8.3756|
2021-06-09 14:40:56|17062|41.5617,1.1039|9.1877|
2021-06-09 14:41:06|17067|41.5617,1.104|10.9785|
2021-06-09 14:41:16|17071|41.5616,1.1041|11.089|
2021-06-09 14:41:27|17075|41.5616,1.1042|9.9742|
2021-06-09 14:41:37|17079|41.5616,1.1043|9.9911|
2021-06-09 14:41:47|17084|41.5615,1.1045|11.8528|
2021-06-09 14:41:57|17088|41.5615,1.1046|13.5645|
2021-06-09 14:42:07|17092|41.5614,1.1047|12.8582|
2021-06-09 14:42:17|17097|41.5614,1.1049|11.2659|
2021-06-09 14:42:27|17101|41.5614,1.105|11.4447|
2021-06-09 14:42:38|17106|41.5613,1.1051|12.8937|
2021-06-09 14:42:48|17110|41.5613,1.1053|14.2753|
2021-06-09 14:42:58|17114|41.5613,1.1055|13.7397|
2021-06-09 14:43:08|17117|41.5613,1.1056|12.1186|
2021-06-09 14:43:18|17121|41.5612,1.1058|12.1782|
2021-06-09 14:43:28|17126|41.5612,1.1059|12.8623|
2021-06-09 14:43:49|18231|41.545,1.1266|7.1544|
2021-06-09 14:43:59|18234|41.5449,1.1267|7.2567|
2021-06-09 14:44:09|18239|41.5449,1.1267|6.3222|
2021-06-09 14:44:19|18243|41.5448,1.1267|5.2721|
2021-06-09 14:44:29|18248|41.5448,1.1268|4.8753|
2021-06-09 14:44:39|18253|41.5448,1.1268|4.8496|
2021-06-09 14:44:49|18257|41.5447,1.1268|4.9385|
2021-06-09 14:45:00|18261|41.5447,1.1268|5.122|
2021-06-09 14:45:10|18265|41.5446,1.1268|5.3836|
2021-06-09 14:45:20|18270|41.5446,1.1268|5.8771|
2021-06-09 14:45:30|18274|41.5445,1.1269|6.6763|
2021-06-09 14:45:40|18278|41.5445,1.127|7.0063|
2021-06-09 14:45:50|18282|41.5445,1.127|6.7365|
2021-06-09 14:46:00|18287|41.5444,1.1271|6.2785|
2021-06-09 14:46:10|18291|41.5444,1.1271|6.2631|
2021-06-09 14:46:21|18296|41.5443,1.1271|6.5612|
2021-06-09 14:46:31|18299|41.5442,1.1271|6.864|
2021-06-09 14:46:41|18303|41.5442,1.1271|6.4831|
2021-06-09 14:46:51|18307|41.5441,1.1272|6.1264|
2021-06-09 14:47:01|18311|41.5441,1.1272|6.1875|
2021-06-09 14:47:11|18316|41.544,1.1272|6.9046|
2021-06-09 14:47:21|18319|41.544,1.1273|7.8416|
2021-06-09 14:47:32|18323|41.5439,1.1274|7.6679|
2021-06-09 14:47:42|18327|41.5439,1.1274|6.9781|
2021-06-09 14:47:52|18332|41.5438,1.1275|6.0739|
2021-06-09 14:48:02|18336|41.5341,1.1281|1.0686|
2021-06-09 14:48:12|19471|41.5341,1.1281|0.8748|
2021-06-09 14:48:23|19475|41.5341,1.1281|1.6823|
2021-06-09 14:48:33|19479|41.5341,1.1281|2.9421|
2021-06-09 14:48:43|19484|41.5341,1.1282|3.8684|
2021-06-09 14:48:53|19489|41.534,1.1282|4.5669|
2021-06-09 14:49:03|19494|41.534,1.1283|5.0567|
2021-06-09 14:49:13|19498|41.534,1.1283|4.7838|
2021-06-09 14:49:23|19502|41.534,1.1284|3.6057|
2021-06-09 14:49:34|19507|41.534,1.1284|1.7327|
2021-06-09 14:49:44|19512|41.534,1.1284|0.4127|
2021-06-09 14:49:54|19516|41.534,1.1284|1.6397|
2021-06-09 14:50:04|19520|41.534,1.1284|2.9118|
2021-06-09 14:50:14|19525|41.5339,1.1285|4.1387|
2021-06-09 14:50:24|19530|41.5339,1.1285|5.5769|
2021-06-09 14:50:34|19534|41.5339,1.1286|5.8771|
2021-06-09 14:50:45|19539|41.5339,1.1286|4.6589|
2021-06-09 14:50:55|19544|41.5339,1.1287|3.5291|
2021-06-09 14:51:05|19549|41.5338,1.1287|2.5875|
2021-06-09 14:51:15|19553|41.5338,1.1287|1.9023|
2021-06-09 14:51:25|19557|41.5338,1.1287|2.387|
2021-06-09 14:51:35|19561|41.5338,1.1287|3.7229|
2021-06-09 14:51:45|19566|41.5338,1.1287|4.4579|
2021-06-09 14:51:56|19571|41.5337,1.1288|5.2716|
2021-06-09 14:52:06|19575|41.5337,1.1289|5.9639|
2021-06-09 14:52:16|19580|41.5337,1.1289|5.1164|
2021-06-09 14:52:26|19585|41.5337,1.129|2.9961|
2021-06-09 14:52:46|20733|41.5284,1.1294|2.59|
2021-06-09 14:52:57|20738|41.5284,1.1294|1.9069|
2021-06-09 14:53:07|20742|41.5283,1.1294|1.8478|
2021-06-09 14:53:17|20747|41.5283,1.1294|2.6625|
2021-06-09 14:53:27|20751|41.5283,1.1295|3.2721|
2021-06-09 14:53:37|20756|41.5283,1.1295|2.5834|
2021-06-09 14:53:47|20761|41.5283,1.1295|1.4243|
2021-06-09 14:53:57|20766|41.5283,1.1295|1.4896|
2021-06-09 14:54:08|20771|41.5283,1.1295|2.4117|
2021-06-09 14:54:18|20775|41.5283,1.1295|2.6235|
2021-06-09 14:54:28|20780|41.5282,1.1295|2.5479|
2021-06-09 14:54:38|20785|41.5282,1.1295|2.6116|
2021-06-09 14:54:48|20790|41.5282,1.1295|3.4716|
2021-06-09 14:54:58|20794|41.5282,1.1295|4.1382|
2021-06-09 14:55:08|20799|41.5281,1.1295|3.543|
2021-06-09 14:55:19|20804|41.5281,1.1296|2.6111|
2021-06-09 14:55:29|20809|41.5281,1.1296|2.3999|
2021-06-09 14:55:39|20815|41.5281,1.1295|3.1267|
2021-06-09 14:55:49|20820|41.5281,1.1295|4.112|
2021-06-09 14:55:59|20824|41.528,1.1295|4.0149|
2021-06-09 14:56:09|20829|41.528,1.1294|3.4551|
2021-06-09 14:56:19|20834|41.528,1.1294|3.5713|
2021-06-09 14:56:30|20839|41.528,1.1294|3.8427|
2021-06-09 14:56:40|20844|41.5279,1.1294|3.7435|
2021-06-09 14:56:50|20849|41.5279,1.1294|4.019|
2021-06-09 14:57:00|20853|41.5279,1.1294|4.3752|
2021-06-09 14:57:10|20857|41.5278,1.1294|4.8938|
2021-06-09 14:57:20|22046|41.5162,1.1251|8.3844|
2021-06-09 14:57:30|22050|41.5161,1.125|9.3409|
2021-06-09 14:57:41|22055|41.5161,1.1249|9.4077|
2021-06-09 14:57:51|22059|41.516,1.1248|8.7467|
2021-06-09 14:58:01|22063|41.516,1.1247|8.2363|
2021-06-09 14:58:11|22067|41.516,1.1247|8.426|
2021-06-09 14:58:21|22071|41.5159,1.1246|8.9986|
2021-06-09 14:58:31|22076|41.5158,1.1245|9.032|
2021-06-09 14:58:41|22080|41.5158,1.1244|8.5386|
2021-06-09 14:58:52|22085|41.5157,1.1244|7.8539|
2021-06-09 14:59:02|22090|41.5157,1.1244|7.7059|
2021-06-09 14:59:12|22094|41.5156,1.1243|8.2266|
2021-06-09 14:59:22|22098|41.5155,1.1243|8.7616|
2021-06-09 14:59:32|22103|41.5154,1.1242|8.8254|
2021-06-09 14:59:42|22107|41.5154,1.1242|8.81|
2021-06-09 14:59:52|22113|41.5153,1.1241|9.5604|
2021-06-09 15:00:03|22118|41.5153,1.124|10.8053|
2021-06-09 15:00:13|22122|41.5152,1.1239|11.2083|
2021-06-09 15:00:23|22126|41.5151,1.1238|10.7046|
2021-06-09 15:00:33|22131|41.5151,1.1237|10.573|
2021-06-09 15:00:43|22136|41.515,1.1237|10.9883|
2021-06-09 15:00:53|22140|41.5149,1.1236|11.3512|
2021-06-09 15:01:03|22144|41.5148,1.1235|10.9749|
2021-06-09 15:01:13|22148|41.5147,1.1235|10.0908|
2021-06-09 15:01:24|22152|41.5146,1.1234|9.5799|
2021-06-09 15:01:34|22157|41.5146,1.1233|9.8056|
2021-06-09 15:01:44|22162|41.5145,1.1233|10.3129|
2021-06-09 15:02:04|23358|41.5103,1.1058|7.9069|
2021-06-09 15:02:14|23362|41.5103,1.1057|6.4204|
2021-06-09 15:02:25|23367|41.5103,1.1056|5.9891|
2021-06-09 15:02:35|23372|41.5104,1.1055|6.6023|
2021-06-09 15:02:45|23377|41.5104,1.1055|7.4078|
2021-06-09 15:02:55|23381|41.5104,1.1054|7.6411|
2021-06-09 15:03:05|23386|41.5104,1.1053|7.1389|
2021-06-09 15:03:15|23390|41.5104,1.1052|6.8331|
2021-06-09 15:03:26|23395|41.5104,1.1051|7.2608|
2021-06-09 15:03:36|23400|41.5104,1.105|7.8863|
2021-06-09 15:03:46|23405|41.5105,1.105|7.9485|
2021-06-09 15:03:56|23410|41.5105,1.1049|7.5409|
2021-06-09 15:04:06|23415|41.5105,1.1048|7.3312|
2021-06-09 15:04:16|23420|41.5106,1.1047|7.0063|
2021-06-09 15:04:26|23424|41.5106,1.1047|7.1559|
2021-06-09 15:04:37|23430|41.5106,1.1046|7.1019|
2021-06-09 15:04:47|23435|41.5106,1.1045|6.8203|
2021-06-09 15:04:57|23440|41.5106,1.1044|6.8881|
2021-06-09 15:05:07|23444|41.5106,1.1043|7.2839|
2021-06-09 15:05:17|23449|41.5106,1.1042|7.5769|
2021-06-09 15:05:27|23454|41.5106,1.1042|7.4252|
2021-06-09 15:05:37|23459|41.5106,1.1041|7.0423|
2021-06-09 15:05:48|23464|41.5106,1.104|6.8059|
2021-06-09 15:05:58|23469|41.5106,1.1039|7.142|
2021-06-09 15:06:08|23473|41.5106,1.1038|7.6278|
2021-06-09 15:06:18|23478|41.5157,1.0864|6.1449|
2021-06-09 15:06:28|24694|41.5157,1.0864|5.8976|
2021-06-09 15:06:38|24700|41.5158,1.0863|4.6887|
2021-06-09 15:06:49|24705|41.5158,1.0863|3.3934|
2021-06-09 15:06:59|24710|41.5158,1.0863|2.9591|
2021-06-09 15:07:09|24715|41.5158,1.0862|3.6288|
2021-06-09 15:07:19|24720|41.5159,1.0862|5.2068|
2021-06-09 15:07:29|24726|41.5159,1.0862|6.9791|
2021-06-09 15:07:39|24730|41.516,1.0862|6.8141|
2021-06-09 15:07:49|24735|41.516,1.0862|4.8018|
2021-06-09 15:08:00|24740|41.5161,1.0861|3.4453|
2021-06-09 15:08:10|24745|41.5161,1.0861|3.1452|
2021-06-09 15:08:20|24751|41.5161,1.0861|3.03|
2021-06-09 15:08:30|24756|41.5161,1.0861|2.3685|
2021-06-09 15:08:40|24761|41.5161,1.0861|2.0976|
2021-06-09 15:08:50|24766|41.5161,1.086|2.2539|
2021-06-09 15:09:00|24770|41.5162,1.086|2.7699|
2021-06-09 15:09:11|24774|41.5162,1.086|3.0727|
2021-06-09 15:09:21|24779|41.5162,1.086|3.1858|
2021-06-09 15:09:31|24785|41.5162,1.086|4.2158|
2021-06-09 15:09:41|24791|41.5163,1.086|6.2533|
2021-06-09 15:09:51|24796|41.5163,1.086|8.0194|
2021-06-09 15:10:01|24800|41.5164,1.0859|7.9285|
2021-06-09 15:10:11|24805|41.5165,1.0859|6.5535|
2021-06-09 15:10:21|24809|41.5165,1.0859|5.4114|
2021-06-09 15:10:32|24814|41.5166,1.0859|4.902|
2021-06-09 15:10:42|24820|41.5166,1.0859|4.0663|
2021-06-09 15:11:02|26079|41.5213,1.079|5.3764|
2021-06-09 15:11:12|26084|41.5213,1.0789|4.7129|
2021-06-09 15:11:22|26089|41.5213,1.0789|4.3536|
2021-06-09 15:11:33|26094|41.5213,1.0788|3.4464|
2021-06-09 15:11:43|26100|41.5213,1.0788|1.8992|
2021-06-09 15:11:53|26105|41.5213,1.0788|0.5597|
2021-06-09 15:12:03|26109|41.5213,1.0788|0.6918|
2021-06-09 15:12:13|26114|41.5213,1.0788|0.9129|
2021-06-09 15:12:23|26118|41.5213,1.0788|2.2272|
2021-06-09 15:12:33|26123|41.5213,1.0787|3.0059|
2021-06-09 15:12:44|26128|41.5213,1.0787|3.7532|
2021-06-09 15:12:54|26133|41.5214,1.0787|4.516|
2021-06-09 15:13:04|26138|41.5214,1.0786|5.1996|
2021-06-09 15:13:14|26143|41.5214,1.0786|4.6851|
2021-06-09 15:13:24|26148|41.5214,1.0786|3.6766|
2021-06-09 15:13:34|26153|41.5215,1.0785|2.5803|
2021-06-09 15:13:44|26158|41.5215,1.0785|1.7034|
2021-06-09 15:13:55|26164|41.5215,1.0785|1.2125|
2021-06-09 15:14:05|26169|41.5215,1.0785|1.5723|
2021-06-09 15:14:15|26174|41.5215,1.0785|1.3734|
2021-06-09 15:14:25|26179|41.5215,1.0785|1.1663|
2021-06-09 15:14:35|26183|41.5215,1.0785|1.8633|
2021-06-09 15:14:45|26188|41.5215,1.0784|2.4698|
2021-06-09 15:14:55|26194|41.5215,1.0784|3.5034|
2021-06-09 15:15:06|26200|41.5215,1.0784|4.4399|
2021-06-09 15:15:16|26205|41.5216,1.0783|4.6892|
2021-06-09 15:15:26|26210|41.5216,1.0783|3.7615|
2021-06-09 15:15:36|27491|41.5209,1.0702|5.2135|
2021-06-09 15:15:46|27496|41.5209,1.0702|5.5425|
2021-06-09 15:15:56|27502|41.521,1.0702|6.5658|
2021-06-09 15:16:06|27508|41.521,1.0701|7.9593|
2021-06-09 15:16:17|27513|41.5211,1.0701|8.8984|
2021-06-09 15:16:27|27518|41.5212,1.07|8.4317|
2021-06-09 15:16:37|27524|41.5212,1.07|6.867|
2021-06-09 15:16:47|27529|41.5213,1.07|5.2993|
2021-06-09 15:16:57|27535|41.5213,1.0699|4.2462|
2021-06-09 15:17:07|27540|41.5214,1.0699|4.2703|
2021-06-09 15:17:17|27545|41.5214,1.0699|4.8105|
2021-06-09 15:17:28|27551|41.5214,1.0699|5.2161|
2021-06-09 15:17:38|27555|41.5215,1.0699|5.3913|
2021-06-09 15:17:48|27561|41.5215,1.0699|5.2186|
2021-06-09 15:17:58|27566|41.5216,1.0699|5.1976|
2021-06-09 15:18:08|27571|41.5216,1.0699|5.8246|
2021-06-09 15:18:18|27577|41.5217,1.0699|6.9847|
2021-06-09 15:18:28|27582|41.5217,1.0698|7.9891|
2021-06-09 15:18:38|27587|41.5218,1.0698|8.1197|
2021-06-09 15:18:49|27592|41.5219,1.0697|7.0788|
2021-06-09 15:18:59|27597|41.5219,1.0697|6.0621|
2021-06-09 15:19:09|27602|41.522,1.0697|5.4977|
2021-06-09 15:19:19|27607|41.522,1.0697|4.386|
2021-06-09 15:19:29|27613|41.5221,1.0697|2.6749|
2021-06-09 15:19:39|27617|41.5221,1.0697|1.3899|
2021-06-09 15:19:49|27622|41.5221,1.0697|1.6679|
2021-06-09 15:20:00|27626|41.5221,1.0697|2.8296|
2021-06-09 15:20:20|28905|41.5241,1.0647|4.9323|
2021-06-09 15:20:30|28911|41.5241,1.0648|4.6666|
2021-06-09 15:20:40|28917|41.524,1.0648|4.3603|
2021-06-09 15:20:50|28923|41.524,1.0648|4.3412|
2021-06-09 15:21:00|28928|41.524,1.0648|4.5396|
2021-06-09 15:21:11|28934|41.5239,1.0649|4.4728|
2021-06-09 15:21:21|28940|41.5239,1.0649|3.838|
2021-06-09 15:21:31|28945|41.5239,1.0649|2.8404|
2021-06-09 15:21:41|28951|41.5239,1.0649|2.2786|
2021-06-09 15:21:51|28957|41.5238,1.0649|2.847|
2021-06-09 15:22:01|28962|41.5238,1.0649|3.8822|
2021-06-09 15:22:11|28968|41.5238,1.0649|4.753|
2021-06-09 15:22:22|28973|41.5237,1.0649|5.469|
2021-06-09 15:22:32|28979|41.5237,1.0648|5.8344|
2021-06-09 15:22:42|28984|41.5236,1.0648|6.2929|
2021-06-09 15:22:52|28990|41.5236,1.0648|6.6378|
2021-06-09 15:23:02|28995|41.5235,1.0647|6.7951|
2021-06-09 15:23:12|29000|41.5235,1.0647|6.6635|
2021-06-09 15:23:22|29005|41.5234,1.0647|6.444|
2021-06-09 15:23:33|29011|41.5234,1.0646|6.536|
2021-06-09 15:23:43|29016|41.5233,1.0646|6.9632|
2021-06-09 15:23:53|29022|41.5233,1.0645|7.2674|
2021-06-09 15:24:03|29027|41.5232,1.0645|7.2232|
2021-06-09 15:24:13|29032|41.5232,1.0644|6.8526|
2021-06-09 15:24:23|29037|41.5231,1.0644|6.4646|
2021-06-09 15:24:33|29042|41.5231,1.0643|6.2245|
2021-06-09 15:24:44|22764|41.5223,1.0508|4.4918|
2021-06-09 15:24:54|22732|41.5223,1.0508|4.3479|
2021-06-09 15:25:04|22701|41.5223,1.0507|5.2485|
2021-06-09 15:25:14|22670|41.5223,1.0506|5.8699|
2021-06-09 15:25:24|22639|41.5222,1.0506|5.0536|
2021-06-09 15:25:34|22608|41.5222,1.0505|4.0894|
2021-06-09 15:25:45|22577|41.5222,1.0505|4.865|
2021-06-09 15:25:55|22545|41.5222,1.0504|5.8468|
2021-06-09 15:26:05|22513|41.5222,1.0504|4.3937|
2021-06-09 15:26:15|22482|41.5222,1.0503|4.3109|
2021-06-09 15:26:25|22450|41.5222,1.0503|5.2865|
2021-06-09 15:26:35|22418|41.5222,1.0502|4.7982|
2021-06-09 15:26:45|22388|41.5222,1.0501|4.6219|
2021-06-09 15:26:55|22357|41.5222,1.0501|5.4366|
2021-06-09 15:27:06|22326|41.5222,1.05|5.3168|
2021-06-09 15:27:16|22295|41.5222,1.05|4.9817|
2021-06-09 15:27:26|22265|41.5222,1.0499|6.2004|
2021-06-09 15:27:36|22234|41.5222,1.0498|7.6627|
2021-06-09 15:27:46|22203|41.5222,1.0497|8.3988|
2021-06-09 15:27:56|22172|41.5221,1.0496|8.9719|
2021-06-09 15:28:06|22142|41.5221,1.0495|9.3954|
2021-06-09 15:28:17|22112|41.522,1.0494|8.4939|
2021-06-09 15:28:27|22082|41.522,1.0494|8.2353|
2021-06-09 15:28:37|22052|41.522,1.0493|7.2973|
2021-06-09 15:28:47|22022|41.5219,1.0492|6.717|
2021-06-09 15:28:57|21991|41.5219,1.0492|7.8221|
2021-06-09 15:29:07|21960|41.5218,1.0491|7.0968|
2021-06-09 15:29:28|16036|41.5104,1.059|17.1907|
2021-06-09 15:29:38|16017|41.5103,1.0591|17.1075|
2021-06-09 15:29:48|15998|41.5102,1.0593|16.9234|
2021-06-09 15:29:58|15980|41.5101,1.0595|18.3128|
2021-06-09 15:30:08|15962|41.5101,1.0597|19.827|
2021-06-09 15:30:18|15943|41.51,1.0599|17.274|
2021-06-09 15:30:28|15924|41.5099,1.0601|17.035|
2021-06-09 15:30:38|15905|41.5099,1.0603|18.0188|
2021-06-09 15:30:49|15887|41.5098,1.0605|20.5209|
2021-06-09 15:30:59|15868|41.5097,1.0607|22.6684|
2021-06-09 15:31:09|15850|41.5096,1.061|20.1411|
2021-06-09 15:31:19|15831|41.5096,1.0612|19.0314|
2021-06-09 15:31:29|15813|41.5095,1.0614|22.0614|
2021-06-09 15:31:39|15794|41.5094,1.0616|23.3325|
2021-06-09 15:31:49|15775|41.5093,1.0619|21.6867|
2021-06-09 15:32:00|15757|41.5092,1.0621|19.6821|
2021-06-09 15:32:10|15738|41.5091,1.0622|17.1959|
2021-06-09 15:32:20|15720|41.509,1.0624|19.0247|
2021-06-09 15:32:30|15702|41.5089,1.0626|21.0709|
2021-06-09 15:32:40|15683|41.5088,1.0629|18.7759|
2021-06-09 15:32:50|15664|41.5088,1.0631|21.0385|
2021-06-09 15:33:00|15645|41.5087,1.0633|21.5047|
2021-06-09 15:33:11|15626|41.5086,1.0635|18.2614|
2021-06-09 15:33:21|15607|41.5085,1.0637|21.3325|
2021-06-09 15:33:31|15589|41.5085,1.064|20.9301|
2021-06-09 15:33:41|15570|41.5084,1.0642|17.9946|
2021-06-09 15:34:02|11425|41.4812,1.1101|21.3762|
2021-06-09 15:34:12|11412|41.481,1.1103|19.8389|
2021-06-09 15:34:22|11398|41.4809,1.1105|23.0447|
2021-06-09 15:34:32|11384|41.4807,1.1107|24.7537|
2021-06-09 15:34:42|11370|41.4806,1.1109|25.4476|
2021-06-09 15:34:52|11356|41.4804,1.1111|24.0357|
2021-06-09 15:35:02|11343|41.4803,1.1113|20.1771|
2021-06-09 15:35:12|11329|41.4802,1.1114|19.9951|
2021-06-09 15:35:23|11315|41.48,1.1117|21.8424|
2021-06-09 15:35:33|11302|41.4799,1.1119|24.7542|
2021-06-09 15:35:43|11288|41.4798,1.1121|26.3574|
2021-06-09 15:35:53|11275|41.4796,1.1124|25.958|
2021-06-09 15:36:03|11262|41.4795,1.1126|24.0732|
2021-06-09 15:36:13|11249|41.4793,1.1127|20.3344|
2021-06-09 15:36:23|11235|41.4792,1.1129|18.0188|
2021-06-09 15:36:34|11222|41.4791,1.1131|17.3362|
2021-06-09 15:36:44|11209|41.479,1.1133|19.9997|
2021-06-09 15:36:54|11195|41.4789,1.1135|23.0971|
2021-06-09 15:37:04|11182|41.4788,1.1137|24.1503|
2021-06-09 15:37:14|11168|41.4787,1.1139|22.2577|
2021-06-09 15:37:24|11155|41.4785,1.1141|19.3151|
2021-06-09 15:37:34|11141|41.4784,1.1142|16.5123|
2021-06-09 15:37:45|11128|41.4783,1.1144|15.3439|
